Case #1: KLJGWVEMOFTBOSPND
Case #2: ZHOIECMPWFDGRUGPNVSF
Case #3: JZRSGWWPYMUVLXFKTUF
Case #4: JGEHNFJIRZFABNLIMTKA
Case #5: EORIPHSXHCWDXJYYGQM
Case #6: DUZKENFCAWEIHXJSDKRF
Case #7: LVJSBAXMULPGUFCOMW
Case #8: CJTRKONYEOBVZFZWG
Case #9: TJLNUKNILGISAZPZWRY
Case #10: KMXVYKVHUSNLZCDFCBJ
Case #11: AFVKGXLXOZUJYWMYDIPX
Case #12: DVWZYPBFPYXIUAAGJLAY
Case #13: NHSADJGAEBDRTLYWIBZN
Case #14: PWCVSDQURGLTMKDXNJX
Case #15: GUPOTWMJEGJOLYRNKOH
Case #16: UPQHTMGSXKDYCVWAMLL
Case #17: AKYVRFHJUHMCXPWEXDU
Case #18: ILYWMDFPZBGEMUQCERW
Case #19: GKCSWJORHPAVBGQTRQEM
Case #20: QWTQAPNHJUAGBRQYSXFD
Case #21: IVEWVYYRMNAPQSZBKU
Case #22: BAEURLEYLHQDZFLHSKMD
Case #23: EDCHMVLKPFRUEMCYZQSF
Case #24: FDSAANEWHNJYCXBOMCYW
Case #25: BOKRTMNDFBQWZEHY
Case #26: MIRZSUNPJBYTCDFZXMHY
Case #27: ARYWKHNPTWBEJAMPDC
Case #28: HZLUMCCSPJDRMWNFYEVZ
Case #29: AYWFUORXNKGDEGEHCQ
Case #30: CYHSYSOMFODEILVKUZBH
Case #31: DEPIXVGNJKHLZWCRYYAA
Case #32: LTSKHPUQXGDMISYVNWS
Case #33: MLBAHBULITXOPDFREJ
Case #34: CKZBOIUAHRVQGPAUPNDB
Case #35: IFESDZCRJMOBXVJYJVTG
Case #36: VCHAJYNRPXWKVLOME
Case #37: BNUKGCPFQOLITKLHEQ
Case #38: APVYIQGTRDMQNYIJXIOX
Case #39: QIGZFVZYAPKYTSEXPBH
Case #40: SUGPWZEFJDWGTMBOCX
Case #41: ODVSHUCLZNRBEMWHWYYT
Case #42: BYFWVIQEEHBDRZXQNPQ
Case #43: OYFMTRXBPXNJIETAIZWC
Case #44: SDIIQNDRXBPCGSKFERWR
Case #45: UMVQEFQGEKDOLORWBX
Case #46: XJDWRATWZOMHLLKECG
Case #47: ACITDRZENKYEEQOPXUOU
Case #48: IKUTLKPDZQBQDVAYJDO
Case #49: NQAMHSZHPOWAUVCEGL
Case #50: HYDSBGRIJLIUASFOYMT
Case #51: RIVMNGPSYANFNZDBZJXE
Case #52: EARLTZMVBCODSVTMJKJH
Case #53: TBMGYNDAPVAEKAXSLTUG
Case #54: KLJPXBNOAVSHEZZHMMYG
Case #55: RWSKNICCZVMCPJQQFBG
Case #56: TGEOXPGZMDQSYTBSVUL
Case #57: AQNDYRHFSPVEJITBG
Case #58: QFBMYDSPXNLZOGJAZROX
Case #59: CKVODXPTLNHUSBM
Case #60: BAHWKIXCBUVDOESOFCYW
Case #61: LGERJZKMSMBCEUTSWUHI
Case #62: ECOKAYTHTSBKNIWJUNGM
Case #63: JOHNSON
Case #64: HCXKUWBEAGATBRNTSJLR
Case #65: SBAWVEMTDZBOYIGPUOQ
Case #66: WFSZOQJVZAEDKBXIZPCZ
Case #67: KZYECRGJUIVGDALXPJOB
Case #68: JFRHHNWAZVTISDMJXEF
Case #69: DBVNTRMYHAEIWXWHGQ
Case #70: OSTDEFJYPVZSGKQIVPR
Case #71: HSRWKFDLXMQISBIQVWUU
Case #72: GHPTRBYZUSNAPKIHW
Case #73: VSNXYEFRUWLEKCBKOMJ
Case #74: GEHHAIDCMQBNWJVFVUTF
Case #75: AMGTBMXKJGHFKOZRILX
Case #76: LPEXTTNKPWVTSBXIMOFA
Case #77: ZFFOSAHRSTNBWUHCEIX
Case #78: CWPYKSRPBJIMLVDGFUX
Case #79: OQDAVFMSLCJWNZUKGHJZ
Case #80: MTZADSFGLRNIFJQHX
Case #81: WOYPZTGTXONZVEIIQFUA
Case #82: DXPBUALISPZELYZSHO
Case #83: YNRKDAUXPKMNBRKWVFHJ
Case #84: BPZMQEXDIYXCAVMINBTK
Case #85: APTDMJALXZUZJNPHCWGR
Case #86: JUGNOPVCLIHAXAZPB
Case #87: GKJHVDOTYTWAIQEBEKR
Case #88: EFQJTMRYNDGOVBBZWFC
Case #89: FYPENRAHVOKZNYKEXXIB
Case #90: IWCQBTMXFZDWERCNTKJ
Case #91: GVNRWBZPHVIDGACCCMOD
Case #92: EWYHMSMAZQTQEBLWNIHC
Case #93: ENKRBXJGKTEFMZEUCY
Case #94: UASGOPIDEXQXKLZBCFPR
Case #95: BIAATYWFCVKPBBKUOHRZ
Case #96: FCQLRHSRBEFDMEXPJA
Case #97: MOSEHAOJAYQDHFPSBXV
Case #98: LITCTZRZGPNYAVNXWDJ
Case #99: HKSWXVIVUBTVXMAQYPSL
Case #100: ARJPYLFPKIXDVQGCZE
