RRGYUTOVNWZQHZIOBHNAQASROBXZPRPWZQSMLET
JLJJKLKIKLLLKIJJJKKJJJKLLIJKKLIKKLIKLIK
QMRMOQNLPNOKQLPQNLLRMRNLPNOJPLPNQNQOROM
DIRTFRTEVRTWNRTXARTGMRTEMRTIRTXURTUURTF
RQMOQQSSPOTRSVVSVVTPTWRWVUPQQRQSVVTVSPO
CBBSBBTQBBREBBFKBBLOBBPMBBNIBBJGBBHUCBB
ZOPLEJNOFNXDMGDWIQPZBTJCRLUQQALWPONEBHW
PTYHUDJOPOHLVCHPBGXYRBRKVQAMQSQVGCNCNDG
LZXLZUZTTCYWVEYMKWMGUCWUCWJNOJLIDLVZRFV
NKLLSVTILKATXWRBKNFTHNVBINIWTPTPUZDKAYL
RMUWCIPLWUBZYXSYNEFOBNGAWJBQLITCIPLZETC
HIPTOIMXMXGFRRXGFRRPTOYOYPJPJOHOHUFUFOI
FAAGJAAKRAASNAABAACHAAILAAMPAAQDAAETBAA
ZBOQBOYIBODEBOFYBOVCBOTWBOZABOXJBZBBBOI
OSTRNMPNSNLTROLOKMOLNPOMPLNNLOKPONSOLRN
LONJIPNKXHLLWLSNWQPTOQMMLOTSISWPPMKMWIL
SRSSISRSQPRTNTNKJNTNTNKUJNTQNOLOTQMNOLP
SABABABCDCDJJIIEEFEGHGGMMNNOOPOKLKKRRQQ
HLLCHVWFPNCLCHVLLCHVWFPUHLLEUHLHVWFWFPN
NLCXLCJQLCBMLCMILCGELCJPLCWALCFLPLCNLCX
QPWOQPWRNOQNOQPPWOUQRNOPUVTOUPUWOUPUPUV
SFRKWZRQRQPCTXDJZSSEGHXJMBERKKTSOMXHDKR
KNLPSRNOKJMRROKRNOKLPPSNOKNJMRRSPKPOKSP
NMMDDCDLKLLABBBJJJJGGGGOPOOEEFERRRRABBB
TFPONIFHINMPSERGSHHUNPGLOFTMHSPRJQLJTPU
EFFFEDDDCDAEFFFEDDCDDCDFBAEAACCBBEFABEE
GXCPSECUFLTLDMVCKVPROLZOWNHSSOBUSPDIDMF
QPOPIQHONLKKJPIQHLNLNJKJKONLMKJLKHNHNQP
IVJVWQPJVTNQPORMIPWTNLLPLJMLLPLPWVWJMMI
HECMDLMMMCLMHECLMHEECMMCMMCMCLJDLMHCLJJ
XBOYHRRORSNQPFOUDYLRWIQEKCUNRMEUXGILMLU
PNNWFNNJNNXENNCUONNRNNHONNUKNNCPNNRCNNZ
GHWGRBGPBIYXLXSHOSNCIXKIUMNLHZOBTQICMTK
RPXXNOSOXRPSXXSWQRVUOXROSNPRVXNSUOXOOSU
HMIEDOMCFKQKICJFNHFIIKEFCKERMQQNJKGKCIO
STTRQMMSLSTNSLQMPQQMSNSLQSTSTMPQQQMQMSL
VRVRRWVURUTSRTUTVVSSSWVWWURVSTSSUUSRRST
ZDYOJDYRADYXYDYDDYALDYNTDYIIDYSWDYQYDYQ
EDFHGCHFBDCEGHFCCCEBHEEEEHEBFEBCGECEEFE
NRQMQSNPRSORPRNRQMRQOOPOQQSQMNOOQOORNOQ
RPNRQQQPONLSQPQRSLRRQSSQNNQLPQRQPOPLQPR
PXWPPTRTRVWSXUPSXRTXPSXZSVQVUSXPSXRPTOP
SXVRUJXQKSXJXOXXQKSUJXOQKSXUSLJUSLJTHHJ
JYEHBFLYWSJLNJYYQKKLOFDDXYVRCHLKFNSVJIY
VMGHOKDPTGHOBVHGHFMUKOBUHOKDPPTGHUKVHUH
PTFXXVWNSIZPXOTWVHMIHRYTKEIJMUPYCUJMHON
IAPZAPCAAPAUAPNIAPZOAPICAPNCAPOAAPADAPL
KSQQUOQWNGJGWJSWVNJSOFWQLWQQMNWGMHKJIIG
AVCRFFVMPROAENZITWPCWJFBTYOLJWKHZDDHASE
AHZRZOEOMPGARUTCIWJAEWWWWVGVLNBELTBPQYO
NHMLJNKKRPTTUUUUQPPKUSKPJKOQSLNPRPPUPPQ
POASOXHCKKNWIOJGAYXBMXAVVUYCMJFINXKXHHT
LPZVBVZYWNPNHZSTYNHMOZALUUGWTKXVVIFIFIC
JJJJFFFFHGGGABBABBAPPPPDDDCNMMMKKLLQRQR
ZXRJUYJKDETBRNZQHBIOCRHVUGPAERLWHMRFVSQ
QQTTIEPERCOIBQTHNEIJFMGDRDEMFEQBGHIDRDE
LVOEXYHLJWDDSKAKYTCICHXKYTCBAWQVKYJIGBW
EXWOMBLDSHMGLUKFKEYJWJOVIMKAEIMUHBHRKHL
LLJLJLJKJKLKJJLKKLLLKJKKJLJJKJJLLJKLJKL
HKKNKQOLHKKVVNJEFVVCMRSKKNEBFIVEFVVRSKT
NHXYWQQQSWGIHSXQMSMXWGNMTHKKZVQGJIIQLIJ
QERBRBDJMWUODJLPGURURUDBDBQULPGUQUMWMQE
QOWFWQQPAVATHMOECUOZJTDGFBHCRBWETCEMZWH
TTHWPFGRPWRGPPTOWHMORKWWOJVMISTVMPRRLUO
HZXCJGEBMQUXAUHFSZHNMQLUMRXKSKXLDREDREL
CEEBBDDFCEAABGFFECGAEEFGBCFFFCCDDEAGEFF
MMNHHHGRRQRSTBALLKLBAABOPPOEFEFCCDCIJIJ
LLFEFFHGLFLFHGKLJLLFKJHIJEGLLEKLEKLIKHG
CIODVSGHXBPMLKCBDDVTMDERQMHAFDPUCCIYXNF
JGCGJBBKJDIBEDBKHBKAJDFBCAKIAJBDBCJBABA
NVMLGRPNRUGRPNVWKDRDRUGPNVMUGRPKDRUJWKD
LVNKEJSTUUISVVBWXPXJGVVQDDBUISBAOUEFWCN
SLMPRKTVPTLSLMPLLSVMQRVVMPQQQQNQNMKOPVO
BGYDYFKFLAOLGDRHDWWIDYFWKCBXZIUWHVCWLGD
QYAYUUBIQUCJUZSOUWKYGFXWDUICJYYRMNXRZUA
BKJWEAUEAUEHVBKVBKJPWHVAUEIJWEAKJWEWHVB
JIMMLNLIHJNLJIMMMLNIMMLNLJIKIHJJNLJHJNL
MHHWHHXIHHJIHHJOHHPSHHTUHHVQHHRYHHZKHHL
OBBCBBDGBBHKBBLEBBFMBBNQBBRIBBJCBBDSBBT
VVVWVWVVVVWVWWVVWVWVWWVWVVVVVWVWVVVWVWV
QZCOLKJLRXKPWQZJDQZNCLWZHWBAWGQFNYLYWOA
RRRTRRSRSRTSRRTSSSRRSRRSSSRSSSRSRRTSTRT
PEEXEFEREESTEEULEEMHEEINEEOVEEWFEEGJEEK
XFLWMUPLWMUUVURFLWMIUVUVURXPIUVUPIUMUPI
DNNSBIKOIJMLGEKJPDRJMFMQPNNDLONDDOIHQMM
UAHCKRSIOBYYFYKMRQZIHQJUTUHMLPDLHIGTUHM
MGGLGLILIJNLIJFJNMGLHNIGLLHMGMGLGLGJFLI
KMJKKMJLFGGNLOKGGNLOKKMGNLOOLFGLOKKFGGN
IAJKSAERERCBJKHFTFLIAORHFIAFLSACBIAORFL
DWSRKLNGQHDQHDWHDWSGOGQKLNPOGQHSRKLWSRK
QPPQPPOWPPWGPPKLPPMJPPJLPNPUPPNDPPPNPPP
EASJDYAPOAKRAPOWDYVJVEZGPTVJXCXMOFBFZZC
KGIGHOQNLPJLIKKNIGIPJQHOLKOMQRHRHIOOPGK
SSTRSSWSYYPUXSSVQVTXQUSSPSVSWTUWTXSPUYS
ZIOSYMIQVHEJSPUPIWMPWMOXLNICAAWYMITBATF
IYBQCCFBQYMVFLYJAJRGJASEKWFUULTWDBQMQUE
MKLKLKLMMKMLMMMMMMKKMLMLMMLKLMMLKKLMLMK
TRSJRSDFRSPHRSXMRSBCRSFGRSVGRLRLRSKWRSC
USUSURUVVRTVRTUUSURURUTSUSUUVVRTUSURTUS
BNYSWQAWZLSZHJFTDYTJSWQCLEBNQPKZRKTLLZR
MCPOMLDMOHNHLLMRPLFNEJORODRFFGHDSDRORMR
OMMJFINNGFHLFONFOHNHIMONIJLLGNLKHKKKINF
LROLRMMQQJOJKNKOLMJMKJMMQQKKIOQKOMLOQQP
MLVLZIBFDHQEPCOAMLVEABTSLDFHTFBMVFXTZJG
RUUTRSSURSQPPPPSTUPURSQRUUTRSQSPRQQRSQS
BAABAABNNMMEEEEPOPOJIIJHHHHQQQRDDCDLLKL
JHSSGSDOFLIELEOJPPFIELEKFNIRKRNDQSERDSK
ZUENFLNZKKPKFHMFQXDDBFUJKRICJYUEURIKFHM
BSHDNGFTOPRMHIGQNESJOLCBQTOTGQLJEQNQTIE
SIWRSMJCNOHBPINTUNTMUJBTUMUBJAXOUSOIGYX
GUQDPMQQWCECEZXTMCBVVLYWUALFVXGPIKVWUAL
STSSSRTSRSRSTRRTRRRTRTSTSTSSTSTTSSSSSSS
LPPSIMWWONOTPKOOHLVRPUTOWMPPVVTWUIWTLHL
JANJOQLNJISLNJARSEEKDBRTFRSGFOQISTFBRGF
MKALCOLMCIEEMEFAFKMJKKAFJMFFOALCEDJLFHM
XQJWFXOYTTMDQBKWLJTSAOWVSJVPJOXMKLBJOXZ
HDEEDEBBDCHDEBDDEEBEKEDDCHDCHDEEBDCKEDE
RMYNTMYHMYMMMYIMMYKFMYTPMYMQMYXOMYAXMYS
LVOLVVLNMMUQORVRNRMOSLRVPMPVTRMORVRUVUN
SXAMPXAEIXATPXXACXAVXASCXANXXAEYXAWGXAO
STZUOQYYNSTTZUOTYNSZUOQYOWWQYOWOQYONSTZ
UCBOBBPEBBFIBBJCBBDQBBRKBBLMBBNGBBHSBBT
UVQOBYUBNTIEBYSPYMPWENTIRGIZCXZVFPEEPOB
DLCFPVAKRGSGQAVYQQQVRNYNYKLVZBCNVWYXMQK
IJAHVNAAOIJNAOIYMYAMYAHVNAOYAHVOIJAAHVN
RAAHAAIBAACBAACJAAKDAAEPAAQFAAGNAAOLAAM
IVBWYHPFVXNLLSUJURIWHHFBPSXHRMJXOWXMATX
ZZLXDSRDFGAOOGJGWPAVSNHWPFCUCIQTYTXCMRK
MRGNRRGCRGRYRGSYURGHRGBARGOURGIERGFMRGS
SIXOAZLNAIAZTTNWITEKYWLCCHLXZKVOGQQLFEP
EEFCDCCKKKLBBAAPOOOBBAAQRQRJJJJGGGHMMNM
HJVUDLNPWMWQIEHYOXTSYVZKGYEROOIQXRCYVZI
OROIJKIQJSRNRQRNMKNIOKOORRPROJQPNSPRKRO
MMQRTOIQGRMQIQOQMMQVCJNKMRHYDAVXDDASCET
UYYIMAVBTGMNQYEAESKXYCWOEFKMUUKEDFITRSL
KNKMNLLNNKNLKKMNMMLNLKKNKNLNMMLMMMKLMNL
XJZPEJZPFJZJXJZPBJZAMJZQJZPHJZFQJZOWJZB
DBDBIGFDGEHHAAHLKADFLKDEBBJHLDEABCLFKHA
ABIFACABGGICBAGCAABGIACAGHAIIBGACFAIFCB
OOCOOCOUOCAHOCTLOCHUOCOUOCUUOCBEOCAUOCV
QBBEBBFOBBPUBCBSBBTCBBDGBBHMBBNIBBJKBBL
MAAVMAAXDGVDGVMKKXDKXDGGVMAAVYMVYMIAAVY
LLKTBBBEEFFDDDDNMMNBBBBJIIIHHGHQRRQPOOO
OIRQYCYEBBGSQFGYGBEGJSJPRQSJFWOQBDQGHDK
SRNORQQPSYUXSRNWYWSTPORPORQWSTPWTPSSTPO
QBBOBBPGBBHCBBDMBBNEBBFSBBTKBBLIBBJCBBD
OEVMWJXFQLSVYFQZUOEXFLNLSZULGWJVMHSLNVY
LSTGHEPPRYYHIZXYOVGSIYGIRXFMEKYSIYGRJIG
AHYGHHYYUHYXKHYXOHYAMHYRTHYKCHYIHYNHHYU
MSMBKSMHNSMMSMPSSMTQSMUEPSMNSMYPSMSNSMN
OPPOEEFFSSAAAABHGHHIJJIQQRRMMMNKLLKCCCD
WWWXXXVWVVXWXVVXWXXVVVVXWVWWVWWVVWXXWXW
FJLEEJIGCRLTEFHHVWFDVIVDOVWETTPIVCYNIPE
DJOPPCSRNVDCSLSLSRNSLSRSRNVPCSLVDJONVDJ
JQGBQGJSQGIYQGCKQGGJQGIPQGMFQGEVQGFNQGW
GKLEISPISPFHFFSFSGKSGKLSPFQLEISFFSGKLEI
PIITIIUVIIWXIIYJIIKRIISZIIALIIMNIIOJIIK
MEHSEHBSEHJCEHLSEHJNESECEHSTEHOVEHZUEHQ
UTPTTTVRRQWORVRRRQWUUUTRRQWTTVPWOOPQWSW
UPMLSSWTNQWMLLSVTMLPXLVMLUQVURWSRUUWWWS
QQRPPOONNNMJJIJGGGGBABAEEFFCCDCLLLLBABA
UPQIQWLSKOLLOIWLIHUWPLTLJRWWHQMWLJWMLPL
RNPQOQRTOSRRQPTUOTNQORUNSUQPQRRRRUOQPNP
MSNOTVPUOMMVMQTMSSQTMTQOTQVQNRUPPQQQQOO
ZFFCIFQAVCAJCEJLPMKGKRTYMVOOVMKGAKUSEMG
RMXTXNWNOXLWSRSSWXXYQLYUTMYOPWRYMUNLLQO
EEDHHBEKBGJBGJHBEEDJHHBHBEEGJHHEDHJGKBG
HCCFCCGLCCMJCCKPCCQDCCENCCODCCETCCURCCS
BBACDCDSTBBGHHGLKLLPPPOQRRREFFFIIIINMNM
NONRNMHMJWWVPWTWTUROTKUSHNILQLTHMTSLNOT
IWNUQPHYSSAKMPCHCPRZOTOXDIWXAVKIMHAMFQP
LKQNLLKPONLQLLKRRQNQNKPRKPOLKRRONRKKPQL
XILASIJFCKMFZFXUWQBUWQBUUJMKSNZVFDKFHQL
YJKUQPVVNKOMLNTLNTJRVVRNSPKVVYJPVVYMLNT
KJTNFRAVAGWBGXHINKKYXUMEFXNAJOHHLMMDTAT
XSCIESCJESCASCVFSCITSCULSASGSCJNSCXPSCY
NMNNQRRQEEEDDCDGHHGLKLLIJIJBABATSBAPOPP
BVWMUILULFNHONHNPUJELWTCABRKGRZLFNXJSJU
BABBABBRRRQPOOODDCCNMMNEEFEJIIIHHGHLLLK
VNQPTAUIENRWVIBIFVNMHDBZDHOBSOTDYWUOBEB
DHHHHRSESPODGLHPODHDIESRCDGIPESESRCLHIP
QMWOLOLQWSUWWMRUPQPWMRWWQQMLOLPQWSUWMRW
PUFQUPGKUQUVIGOPGPUUSVMMQKUVMMQGOUSFQJM
CBIHHKPQFIPDKCMNIHHKPEGIPNICMCBCNDKEGCN
KKHIHKGCKCIFDDHIIECHHCIGCEKCJIDICHCFFCF
BJBSNRYOJEHIZQPMQVZOQGKQHVKZTOKOGFJEXRL
QGLQOHIGLQOOHIDIDGFORJQHIDGLQOHJQGLRJQG
PRZRRHMFRHTDRHKZRHBKRHYYRHKGRHUQRHTCRHX
RNYQZXOUVTQPPQRRWWWOXQQTTUPWYQUZRZRQZRZ
RTRRXVTUVUSSRTYUVUUTUTUSUVSYUUWVQSVVVUR
IGIIIMLLMJLMLFFMLIGFFMNKGILJLLMJLMLMNKG
NQMNOMSKMRTSLMTRQPNLQKRKORMQMPLMNOPRQPN
JRCPURHMYFHQGCGJJENXGAUFFKZUTNUNCEFRYVG
VTTVVTVUTVSSSSVVTTUTVTSUUSVSTSTVVTUUTVS
ZWYCMAHGIWXCMXLMVJYSPSRACJHEDSRHKVIBUDD
DQZRLSHDYFLHDQZPNOGTWUTLFLEMNVPMOEUZBKD
XSWLEXSKYIPNMRURUGLZWNMPIUOWFZWOGKYWLTX
VOOXOOYPOOQROOSBOOCFOOGPOOQTOOUDOOEZOOA
TBVBLHYMPVBJQOMFRMCVDBOMOAHHJRDHTBVFEPT
OTNRLKLTLKNTMJSNPSNRKNOTTQMOKKJOLMTPTLM
FEFJIJIQRRRNMNMDDDCOOOOHHGHTABBLKKLABBA
QWYJVVTPJVVPMYMYMPVPJVVWJPJVTPXPVNQUJYP
HMTKYTKUABLJZNRPGYUMZVPFNTXYHBGFNHNJAWW
OPNLHGFZQMRFWIWOIJZNHYTXWWOWXWLIIOPNXWW
WUTEOHFIJOEYOSNRHNOGAEWUQLWNFYKZZYEFZZQ
XUQUGPQIFTNCMGGPCNTDWFTNTDWQIXUQUEMNCMG
PPORPPPPRRORQQPOORRRQOROORQRQRPPOPOPOPR
KUCZADQYMXMVSECLOVDLBLPAKEQVYMCPAKETKLS
ACOHKAJQAODDEJJOHGFAJDENDFCODNDJJQAGFHK
ZZURYDMLOQJZUYCGVUGXQDVFREFNVWNSUHHAMQO
QUKVVDYSFCPLVLMUQTZCPWNUQTZATFNNNNYKTHC
OJJMJJNQJJRAJJBKJJLCKJJUJJVWJJXSJJTYJJZ
UTQYXTQNLTQUTQFKTQWCTQWZTQZBTLTHTQISTQR
MNNNGGHGIIJILLKKBABBABBEFFERQRROOPOCCDC
URSQRRRURTUTSTUSRQQRSQQRSRQRQQQURQSURSQ
PQGGOPGPUIIGGPUIIGOOUWGGVOUPGWSFKGVWGPQ
LIHJGOCKNLIDOMGEMGEHEINFFOMMHEHEHEIOMGO
LKLLHGHIIJJABABFFEESTABRRRROOPPNMMMCCCD
QMNVYBKAXCDDMQLCSCCPUHQMAOVIXDCKFJYTMLG
NQVVIYOFQMCCDWGFRFJCTCQDVSNEJRFXBUCIUQW
IMELYLDBZTGEAYNROOXVGMYFMQYMJRWGKCMZKCU
ICZRAOUMCQZTVPWAOUECOTDCZWISGFEQNCDKVTB
LJOMHSJVMJOTSPPISLTQHTMOXNKPPULKXSQJRTV
VXSURMWQKGRSPXQRGCVBJMLWLEIUJSBGQXUIXES
XUZZUZBEUZJEUZBTUZHVUZQCUZXZUZETUZHMUZD
LUZSLIMVQFKPRKMCEMLVGIZFUTAKHEJOXKHAECP
IIITTSBDDCCNMNMPPOOGGHGQQRQFEEEBBAAKKKK
IBEAGADDHBABAGADIBEADIBHBAGBEAEBDHBGADI
UCOMTHTVIKVTHRPLOUVDLILHDOEHCSLNDNSCMQN
KJGEDRIRDGKMORSIKLELIGKKOJMSNMCCHKRFRPL
DYCUGYCCGYCCBLHTLQXGMBLNFYAVJJHEFZYIVMO
MIKMHGMIGIHLIGJJJGGKHGIMGJKHLILKJGHGIJM
OTCVTCISTCBOTSTATCCFTCUXTCCSTCGITCWSTCV
USQVSQHVSQAXSQWOSQEBSQOSSQRGBSQMSQHXSQK
GGHIJJJEEEEKLKKOPPOAAABAAABDDCDQRRRMMNN
ZENGYXDBXQHFJXGVTBMJMLRDPFGFUOTLRGEWMQG
NOPPQPQONNNQNQNPQNPQOPNPNOQNNNQQNQQQPQO
YHLZVBCUGFPAVSKCAUWWFXXLCLANNUGKIVKVFOB
VLPTRREYWNJASBDNKCTUZXOMFFDQSORIGCOUNRR
DQUVWOFJPYHOFJWJPYHQDXYWLXEYHYQQUVFRTMV
UEOLXUEOWEXEXUEJJASWEXUSPOWPOWEJASPASPO
TTBBBBBGGGGIIIIQQRQOPOOKLLLFFEFDDCDNMNM
JLHTNTLGWUJUHOLVWIRUPNLQQHGOLQJLVSTPLPV
UHSNCRXFJUPIWWYHSNCHWQTHSNCUFMVLFJUXCWH
RQQABBAKKLKNMNNFFFEJIJIPPOPCCDDSSTAGHHH
OHMJKMIKFDOIGHKILPSOPKDSEIIRSEOSPFDDRIR
KKKKJJLJLKJJLKJLKKKKJLKLKJLKKKKJLKLKKJL
ZPEZOGUVDSGORGIDKSTXIJTPGBSUXFEVDSGGXLX
VRKLKKSPMTPPUPLSLPSMLTVSURRNJLPOJONRNTM
QFFWFFXUFFVIFFJYFGFSFFTMFFNOFFPGFFHKFFL
JAABAACLAAMDAAEHAAIFAAGNAAOPAAQBAACRAAS
SBBQBBRKBBLEBBFCBBDGBBHUBBCMBBNIBBJOBBP
UUXVXVXXVVXXVXXVVUWXXUUVXXVVWXXUWVWXXVV
CKWUYAAMVDWTKFTWZYQQVXYJEOTPWJSKFTWPOHY
NZOKAKUZXDQKUTWXRIUDNKANFCGWJHTIXTWQCNF
SEBAQRHLXZWVSSNWBJYCNAHQDZWJVQJVSSNRAEW
FLIEFFGHCIIFLHDIEOMHFCPJMPKLOJJCJGMDGDE
BZEPXUIZPRUSFQSLAYHWKJHHOJMLAYHCRUBXPUL
ABBABBAPOPPHGHGKKKLEFEFDDDDQRRRMNNNIJIJ
PIICQLJBSIKHEBMJKPHKKTDBOODDHEPMUHBDUDI
RSDSTECHFVERAEZPVLRJIFJPGLORGIALHFVNTPR
GZYZMCPMOZTWLAKNEFKIVKMGHWYGTPHLQWINFYG
EFEHFEFHFEHGGHFGEGHHHFGHHFGHHFGHHGHGEGF
OWOMXTKRVAWJJSRXYGVYWTRAXLMHCXBGYLRDWFS
JBBJXSJJFNWRWCDWOROQZVDPOWVSSENISBXZZYT
WYYVXVVVVXUUVUTUTYWVWVTVWUVUVXUUYYUTUWU
JQXUSNKHPUOSXNLVQPMSIJOSSWRJHVKPKKKSIJO
WMJLHMWHUSGNNHMQGFKJLQGSGPTPTHRFKOTOTHU
PMMWYDZFQJTVVPGYHPHPPJXZPUNPGBTZNXJQOVY
LOYTVOYYCOYKEOYLROYWROYMUOYFQOYIOYQOOYS
FMOPFEMFOPLOKIPSLFHSFNRHSFNKEFMIPLSMESL
SABABAAFEFEMMMNPPOPCCDDQRQQKKLLJJJJGGHG
NEMLNFNMLNFJKIHFIHKEMJKNDGNEMLNEMJKLFLF
KTYLGQBATBLFWTWEJQQMUQVTWFSZZQCNYABNYAB
PJHFKCTELMIIQKRMUISLAPSZFPBWNCJUMVXKRMG
HETDZETPWETAETCRETWVETZYETJXETOQETRIETP
QTROUQUTUOPRUTSUTSTROOTSTTTOOUQQRRUUTST
GHGHKLLLSSTBBAAJJIJRQRRCDDCFFFEOPPONMMM
NXXMKJUPSKIEDRVYVGPFXWDGCUBVGPYNVBZSLJA
GFFFHIEIIGGEHEFHHHHGFGFIFHGHIGFFFEHHHHH
RONPJCCKEADEOTCCELRPASBCOHKDOTKBQQERSGP
VOZSUHBMUYVWAMVOJAJQCKUIVXHIWJHBERWOAQV
SZGMFZGCZGLVZGXOZGNGZGBLZGVYZGUAZGICZGL
LORMMPITUHQWQHZEVOKDHLJEGVLEGVLKYOOGTRF
SVQZPLMSMJUJUXLNQSMXLXSQZZPXJSQSQSVXSXJ
HOKOKOOGUOSQGUOSPPHPPHOPHOKUOSPOSPPKOOT
SMMGBFMTRFMPOFNEUKCMGRPRRKTMFPSNNEEKDGR
CYMXYTXOYTYOYTIFYTEGYTHQYTTGYTEWYTTMYTM
VQQDQQEBQQCZQQAXQQYTQQUFQQGRQQSRQQSHQQI
OMKOMMOMLOOKKNMKNNKNLKLLMNKNOKNKNLNMNMM
HQHNUKLHGSBZAANTCRZJUOSXKUNPOSRPFFWRHSV
VMEXFWIHWDHPFBWMUKCSGGDKFBCDMUKJYYEBKRO
ZCVXHOZCRIHCVXHHOZCRIHOZCRIVXHOOZCRIHOC
KIRWISHHRPXPPPPPPMLGSISMLVOHHHRPXKIRWPP
HNKJOJTNKJOUJLNNHNKRUJLJLNHLNHNOJTKKJOJ
TNNJMRNYUUTNJMRKYUUMRNWUUTNUTNNRNWQNNJM
BVTNCGDVGBBRJOUCEAHIXCGPISZUPRPQBUQWQNP
GVVHWVVAVVBEVVFKVVLCVVDWVVXMVVNIVVJYVVZ
WKVULUXQUMXWTKRNJNXJNXORNJNXSMJLUXSSMJO
ZGLVHDGXUXRATKWSASGJRQIWXBKDMZYRPMJZGLV
WTMXXPUZYRYWYZWZMSUURYXUXVZZRVWWTNWYWNZ
YNRMFGQQYNRUVNNQMFGNNQMFGQYNQMFVNNQGQYN
XMRPRPGUKDHQHWXDHEHGUQJQJWDWXUKFHQHEHXM
QWSUNNEYLCZMZQPSSFMSFMSTHEUJWHBIXDJTDKL
RSGHWINWWQPIQRRKITWOMTVVPHMQMIOPVSQNKPK
VYHLHKZQBNFHEXFPMESNYLNJAWMXMEOZVKWGDMW
UBFVNBFHKBFWABMBMBFJQBFJZBFLBFGOBFWMBFD
TIPKQKIOIUJMOTUHQQQIJLNJGRHNMGTUMGIQSHM
JGGZGHGTGGULGGMHGGIXGGYNGGOVGGWPGGQRGGS
UGIMHSGGXTYKKQLMSRUQPLKQNVLYLFKKPJQLEOM
IHSAHUOEFFQLIHSAYIQVJWFGJCDNXNJUTJQMDGZ
STBBBABPOOPHGHGQRQRJJJICCDDNNMMLLKKFEEF
KFKHQKLNPYZWFHBFGYOUZOFJXKUGUYIQDOHXRQS
LEEMNEEOXEEFEEGVEEWREESJEEKPEEQTEEUHEEI
GKKHKIHKJJKIJGGGGGJGHIIJJGIJHKIJIGHKGKH
UTTWXWUUTXVVUTUTWVXVTUXUVWWWTTWWTWXUXWT
XLBBBICADSDEJADFDJEICGNAUVFVFFDSDXLGNAU
VRTROTOVRQVWYUWVSYOOOPVVTTRZWRVOVSVRXZW
HJKQMIHHOPPKJNHHNKHHQKHPIMKHHKJKLHQJNMK
NHYSSZXWJNNLRRRRVUNNQZKNXIWXZSTKRXRTTZL
IDXRTMFGCTQKJKCFYPIHYAKQFPRYAVTRLCYCLHG
DROVXGXDIXGXIXGWXIXROVRKPWXPWXIXDROGXDR
ULOOODFTLFJRIZXEVIULCIBXXLOCRDCCQHBBBKU
PVXPGFUYCAADTOCOVGQLKQAIMIWYVLPXFENVGQW
QULVBIVFFCLOEIBGISJZBAQWCJNYMHWQITBEIBJ
RGGSHGGNGGOTGGULGGMPGGQHGGIVGGWJGGKXGGY
HLKKMMHJLLILJMHKMHJLJHLIMKJMHIHILHLHMHL
YWSWSWWTWTUOXWTPOOXNYPNWXPSPOOXPOOXWXPS
WVVVVVVVUUWVWVWUWVUWVWUUUWUUUUUUVUVVUWU
QPOOPOQOOQQPQOPQQQPQOQQPOQQQOPOQOQQOQPO
CCDCJIJIGGGHRQQQLLKLTABABAANMMNOOPOEEFE
DIVMLSJVHSTTHXAGUEFLCABNXTPJRSRUAVNFSNX
YILPKBQHJTVGQWNOEMZDXLERDLSCDDXOREWJDWB
NMIVULTKHJTRQQMCGMBTJFRIRDYMLTCTTMNYESK
XSRFZVLJSMHKYAWUHHLMSXTWUVWMWTJOPNKYAWU
PKKQZKKAXKKYLKKBKKCRKKSNKKOLKKMTKKUVKKW
ELKJJIKKJLLGGGIIKGDGIFKGDLGDLJJLGGGFKEL
IIISTTAABAAKKKKPPOORRQQHGGHCCCCFEFFMNMN
ZJTBSRSOGUAIDVEZJLTNTZIGMSIFKYVNZVJNTZI
AIRPAIRPAIRAIRPAIRPAIRPAIRPAIRPAIRPAIRP
ENKKJHKKHGGMEJNMEJNNLJENJJMGJNNEHHEHINM
ORTRDCNSZCOOIKBKIRSOBULTUYHXRAILAORXUWY
IENONENVIENCENEFENMJENWNENVAENYCENVDENY
NJCMLIYJKECUFUNXEHJYKYXFPEOKSHUWYSFOEKK
JKQVIVCMYIJQUJHCGHRHCWWWHQBROCJIVRMBTQI
PAAHAAILAAMFAAGBAACJAAKBAACRAASNAAODAAE
MBBIBBJCBBDUCBBQBBRKBBLOBBPGBBHSBBTEBBF
XXTOOZWYMNXXWMQPTWXQUOTWRWYOUXPTNNOMXMO
EFLVIUZHTAOKWEHBRVLYLZOFHDAXDUJPXBRQMLS
WVLSMSMTIPLMYWURVVQWUROXOXOPTUQLNWXQXXI
MOEAWKXHDSWEBKGQNXFLXAYCDKWKUFTCEICXKLC
QNKTINKMNNKRINKYUNKIJNKANKPDNKMQNKWANKK
HGGHRRRQFFEFMNMMPOOOSTAAAABLKKLJJJIDCCC
MQTKSORQPQNOOSTRQPRRMLNNKQLLSRPSPPTOOST
KLIETLILFLIYLIFWLIMZLIHZLINULIDGLIMVLIG
IZILAKMZILNVLPDGCQKENWCYEGOWPULKKBVALNL
KGGHATGEWPNIDRAFPZHWOUHFGXGKSTJZJWBOCOF
XNWNESJEOMCTDAMIDJSLVAGSJGIUYWADBCUHGZU
VEEPEEQJEEKLEEMFEEGREESTEEUNEEOHEEIXEFE
GRRSRRTARRBERRFWRRXCRRDYRRZIRRJURRVSRRT
HGGGQQQQIJIIKKKLTSBBBBBFFEFDDDDOOPPNMNM
FARXANNGVJOVPKXUAQPNSLHFPTWZUICVVASDJOZ
MXTTMMSFTOZMSUZBVJNBWPAXUYWVRHMOGXIOCQJ
KXWMOPJSIQRSDISVWWSLXTNFMKOABFJHBUOZVTJ
FTEZHJBWEXTIQBZICSFOXHJKTPECSHJSGQYXYLW
PLQGVRWXPPENKGPPYTTRDMYTENVYKDMQGKGWXYK
VMZGAAYYLMMOCFCBWYWPUYHJTLCJKKDUUAAWDIW
VWWWWWTSVUXVUXUVSVUTVSVXURXWTVSUXURWWTV
CCCCNNNMTTTBAABEFFELLLLOPOPQRQRHGGGIIJJ
NTRQMRMFWXOIUTQSFUZOFMUHTUYSMJLOFMUNSUT
JUUKLUUMNVUXUUYDUUEHUUIFUUGVUUWBUUCZUUA
CLUVKEJUVZKRUWIGBLVDPLSYFXIPGWCAAMCFXQS
LIAMKGWZLIAMXTGOUCUQLFNKKBLLITJEXIQRALL
EEFFDDCDLLKKABARQRRPOPPGGGHIJJISSTAMMNM
WQPNVXYPNVXULWQLWQPQPNVXYLWVXYLYLWPLWPT
JGGZGHGXGGYHGGIRGGSPGGQNGGOTGGUVGGWLGGM
JNKFNKUBNKTYNKIDNKYGNKFINKCHNKFTNKRTNDN
TAARQQRAABBDCDCHGGHMNNMJJJILLKKOOOPFEEE
WRMRULWNXPQKKXSOPSTXXTLOLWIOUQIXTLSXRXK
QBBRSBBTMBBIBBJKBBLUBCBOBBPGBBHCBBDEBBF
DKTDERBYJHXPETAMSASLVZTWWRTGGSLIAGPELVV
DFWVADAOUEAMXZAZAZODECCYBYOBRPRQBFFWRJT
XXZYYZYXYYYXZYYZYZXZZXYZYXZZXXYZYXYXYZZ
RWIFJQGPNRSWHMGMGCQERWIIFXHPNRSTIBWFXHP
EIZCKEEAOVTBXWLBYOCQGUKUNDQWEYZRRGMXJON
WDCKYKHNSTLSAOWIYGNSLIVJEPMDVUEETDVEYHM
IMGGFKGIHDHHIDIEJHIKMGDIMGGLDFDGIFLLJKM
ZRDSJZUVLTMTYYRPGHIJIHHXNMXRZJNDSEZIZUN
QTPYKBSDTYGVKWAUBSDSNCPCWSDKINCPHURRHYF
PXIXYXIUEXIIDXIBVXIOAXIJAXIYGXIQXICAXIJ
OBDVTRBDBDUCBDARBDZUBDLTBDXKBDZSBDFLBDQ
CCECFFCCEDECECFCFECEFCFCEDCEFCFCFECECFF
PONAIDONOONGONJQONQRONGDONVEONTHONLOONP
STABABBBJIINNMNCDDCQRRRFFEFLLKLOOOPHGHH
ZPZPHZKSYKOVKYJDOGBBWRTELKSMYZIVSLOSPWL
XOMIXYASOUXGXYAOUXOTGXYASOUUXOMYASOATGX
FQWPVQRONFJQFUWONFJKVVIOLIPWIMTETTLTEST
NXIXVWUIXNNJVMSGTNXJQGTWUJLMSJQJLWHNNXV
IKSXHKSTDKSZKSJUKSBQKSSAZKSKKSWOKSKDKSG
KEFDEHGCFHKBIMEBMJBMLBEENNMKNGGGNJBBIMB
AHPOTGOLCWGSBSMMMXIDVNBVBSOHKWCGRUNNLWG
DVUPVUSSVUNXVUPDVUENVUUWVUOXVUPKVUBIVUD
RHPJGNQRMGNQRHPNQRHLPARARMGPARMMGNQHPJD
JMITJMIJMITJMITJMITJMITJMITJMITJMITJMIT
TIAFHHXEEOEMQLDBOPEVGIGHLYRBTLVBOPESRLJ
AWJYZEPWOJEQGHCUTUOAVBXRLFOMVPEJVWZMVPE
QULHVVYKQWAVSOLJLLXQULHKQBNWVBHOKBCPJLB
CRTJYRTYRTYRRTNIRTOHRTNIRTOIRTZDRTJIRTF
EBBFIBBSBBTKBBLCBBDOBBPUBCBMBBNGBBHQBBR
CYQKNBYWHYVWHTSUXNBALLAJEFJDBWAJIVZGJVV
LPNINNNPNNIIJMQNONPIQHPOKOIILPIPQHNQHPO
XTEISTKNEGSQSWNTKAYNVBRMDMKJUNGYBSMYBNR
WXVWVZXZWVUZVRYYTWZQXWYTWUQZTZQXXWUYZUW
YWNQEWNKEWNUOWNDWNOAWNUGWNQJWNZIWNAIWNA
SLOCWYPLMWPYRECMMTCIBYVJIBQWPYWQHQGOXBW
HDEZWRQUIHRJGASNJPKGASEECLSXYJHJGASRJUY
DFEDGEGEDFGGEGGGFEGFFGFFEDFFGFFDFEDGDDE
OOUVULUTLJNLJNVRLTLPUVSOTNOLOTRSVNNPOPO
QOVPIENBOKLWOJHITTUSRXOVULRNDDFJHPXYIDV
SAAAAAAPOOPHHHGLLLLEFEFRQRRDCCDIIIINMMN
DAKOZAKUHAKPTAKGRAKBJAKKADAKYAKVAKDFAKC
LAAMHAAIBAACJAAKFAAGNAAOTAABRAADAAEPAAQ
EQXYDQXHQXURQXKUQXCIQXKPQXHIQXFIQXHCQXZ
GHDWVWDVGHDVGHDFNEDVWDOPFNEONPPUDEGGHDW
EVBXHRMWUNDDVUEMXELRUXXXKVPCEFTTSLWPFTC
MLJOGFNPOBNEIHAKMJCDGEFNJKDAIFOGBJKDDIP
ANNCNNDENNFONNPONNPYNNZQNNRSNNTUNNVWNNX
RMLKQOOLOQMQOORLKQOLOLNPMMSQOORQRPSKQRP
TBARAASJAAKFAAGLAAMNAAOBAACDAAEPAAQHAAI
RSTSRURSUSRSTSSRURSURURURSTUSRURURUTSSR
FQNJSGMMMFKIRHKIKLFKHOPSIJHQLONOIONSIJH
SSSUVXYOQPWPOQPVSSSPWUWWUWTVTUVPUQVSURU
JDEGEKHEDHJEHHFDDFIHIGDIIGJFKJEJIJIEHFE
PYSOAZBQEYHKZQJXTUOUVRFPPGXRZJMKEJQARZJ
PMLNQNOMNONMMOMPQLQMMLQMOPQMLNLNMLNNQNM
KKKKFFFENNMMBBABBABHHHGIIIICDDCQRQROPPP
VMFXBKLOSFCIZVOVHKWVFNAHVHKGIIIUXRQDEEH
XQMKQFOQLQFOQDSIXSPSPQLRDXQMKBKBKIXDSMC
UBCBEBBOBBPKBBLIBBJQBBRGBBHSBBTCBBDMBBN
PUPAPLLGUDFTDTNBPLLTITDNUKTUDFAFAESTNPK
PIIQVIILIIMZIIAXIIYNIIOTIIUJIIKRIISBJII
UUJBDNOTYPSRNBFUUJBUUMXQZZNOEHLSIINHNAC
GHKMIKIVKLLLLRRRRRLQTVKKMSISIQTRLTHKIGH
JIMIEMCDHJJMCDMJEEHFMBAJEEHBFMBHAKCFMBA
NTUKTUKSBYEASKQZRWKUUXBWCYWMIOCAEGYURKW
KRPORSTTUQPKPTUKQMTPMKRQPKQLMRSMTLMPOKP
VQUVTRVURVUQRUQUTRQVVUUUVVQQRTUUUQUQQVV
VUTTPWPWUWVUTQRQVRWPUWSSTRVPSRQXWXUVPPX
ONKQJBNGLEAELESNRJFFIJEJHSGOESOIGOOAMOI
RRRTSQRQTQQRTQSRRQTQQSQSQRRRSTSSQRSQRRR
ADUHBQHZXVWQREJJERWDTOPKYMEZITYEJHAJWHN
FNJTGRIWLTKALENJUZDEGSXXSMBPCMHPMHWWERS
QRXTMIEWXTBFOQREWPCGMNTVFMIPCGMBFVFCMFO
TVQJPXQZGYIDOSLNHBEHTUPUJRAWQGXQYWUWNNH
PUJOTNAVYTNICCEJOROROICAVQDUCVYDMPUCEUC
LYNFLAZHTZANXMZQUGFCQOLGTFXJDZKUWYFCUAJ
TSSBBABHGGGMMNMLLKKQQQQJIIICDCDEEFFOOPP
ZZWYYPZNSKLIRTOLSXRZJMIRXIZSNROOZRNOPLS
UNVGEAFHUHTOSEQRDMHTYPYPAUBIZKLECIFYMIO
UCDPCDPTFJLRUCDPDPTCAIWCMUCDUFLFJLRLFMG
RUQTWSRVQVSWRQVSRSVTVUWVWVSRUVVSTUTVRUV
KPIOKQNQRIQGOOQHGJNNNHLFJPKQFQMLRLGMFJF
BAADAAENAAOTBAARAASPAAQJAAKFAAGHAAILAAM
ZNLUNLJZNLTNNLWCNLTUNLPDNLMRNLKXNLFDNLM
OPKRKPKBPKSWPKQAPKNTPKUTPKKCPKZIPKQEPKT
NQEFAPILTERDQXYVVOQZOSJSVAAWHTQJRXEBPDX
DNNULWNNDHEPEVNNGTGDRBEGKLDGPBPEXTGPLUD
BAATABAFAAGJAAKPAAQLAAMHAAIRAASDAAENAAO
QXPVGXPTJXPGMXPBRXPEWXPQKXPIXPDKXPOKXPI
YVVCPNLRXWHWHLFLFFPVCEGEGRQOJYVRQRXFPCP
QQPSPSRSPTQSTSQQSTSPRRRRSPRRRQSPRPTQSTS
ULHULHUMSRANVKAAQTAHPBSMPFMZUMBEXQYWILI
RAANAAOJAAKDAAEPAAQTBAAFAAGHAAILAAMBAAC
CNNWNNXENNFUNNVQNNRONNPGONNYNNZANNBSNNT
LSHJSROLSHJMJIMPMMUKNWPLIJUKJLIOLSHQSRO
FFGMBEKSGBJQOMBOBACEKQCGMNFACFFQCSGNFQO
AABXAGHVQXARGICGVCPBXJJBLEEKNMPEBMOMGBH
UKTNCKSTXTWFOPUEBUKTYGIMITBHKOCRWCHZMGN
UMLSFCACKNDIHAQLKZHYIMHHYOLHYOLCZVTDIVV
RSTUTVVQUSUQQVQTSTURTTTQVQVQUTTUSQQTQVS
PSGDDRLMPLQHJTRLDDPENJHLNTHQHILHITLRKEE
QQQNMQQQQNMMQQQQQQQQPMQMQQQMQPMPMQQQNMQ
QTTRUGUNVSVUQRQKPLTIOSLTIMJLSSNVQKKJTQR
VKAUAUIDAULKAUSSAUDGAUOLAUYXAUOBAUUEAUI
EPZGSASPRUKESGRWBOHYTPJUXFAFRUKLDVFLQVZ
FVXHXKCLFXOYEJUQOXVJCQPINXTKCLGAQLQZWAM
DHGPAXOBUFPDZMARZDSLWTMBSQWYZNXSZLAJEHJ
MILSGJIPMIMDCRFKREDWTCPYTSTIZYMTJHWMXEK
MIKMWCFKTMYVJATNTTLRXZMPTTLURYQESRFYBQV
SBHXAWGIQMDBXKQUSQJJWDUVUIXAOKREOOSTXXA
HGGGQQRRLLLLABAABAAJIIJMMMNOPPPFEEEDCCC
JJJIJKJKKIKKIKKKIKJIJIIIJIIKKKJJIIJIIIK
EGLDEEAAJFJBINAFHCBDBLAHNJFABKGGCJDJHJH
OQQOOQOQQNOOQONOQNOMNQNNPPQOQNOONQMNQOO
CMDCFLNLFINQFFIFFIICMDCOOPQQFFIDNMCFLNL
MQXYMLZCIEOZRYBGNILPBHBKVHPGLLGENIFZFEI
PDIJFGGKSZJBHGLXSPNIQJPHWNXCAICNXDGHSNT
PPOOABBBIIIINMNTTSAKLLLGGHHFFFFCDCDRQQR
NOOPPONOOPPNPPNOPPPPPPONNONPNNOONNNONNP
JQOTXVJLIVPIKKJJQOTSMIKJLRUIXVJVJLRLIVP
QAVLFVBRFOGFVBKQNNABORHRDHLGWNDJGNECDCC
VKKWLKKZKKAPKKQLKKMNKKORKKSBKKCXKKYTKKU
JUNHLEXWGMRPJJUMRIUXFWGIUKMKMJNJNJEJEPJ
WBAGYXWHELXBZLONJZCRACXVZNNYXWHJLRLLCFG
WVKSGIRMELIIHLHLGFVVIRLRHELLGWMXYTKKTVW
MVMWSWUUVXXXOUXMVRUXPTVXPRNSWWWXRXOXTPX
DWLXRJXMJLUPRRJGLMJULRWRWUFLUDWLXPRUFGL
BTEUPYHPYHADBTEZJDBHADRYHADJDBTTEUPEUPY
LNGYBTVVLGUWLAVBJFNBJTQTKVKHTTKIIUCVGIG
ONNOMMNNOMONNOMOMOMOONNONOONONONOONMOMM
GKHPRITJVLPPLQORNGGONORTNTKKQTLGNLJGKGG
JKPXNOGVJPJOORBNMMFGOVUBGIFLEFLJBGICYKH
VWFDSQYKMTPMGWEJPWYYRBVYUCTZKYMEJGJYFYX
TPOXYPXSUQWWWSOSQUQXYRPQWXSYZSTSSZYPYYS
AVHRDPEJJBKVLUJXFEDGIROFGQOEJUBIZUOMSLM
KQPQPLKLQMMKQONNPOLLPQPKQQPMONKNOQLPLMN
DOTJPJROGOINNJUREEUUUKPRDUOISTGUFQNGNSR
BCRGONBMQQCBGAOQQCCBRSDHBCREHJNCCHGQQCC
UNQITYKMDVQCJFTFFAEKXFIRJERUKJXFEGSVONJ
NFWGCVXEDJSNCFBXVBRVPKFDRBDRJZFKFCOWDPK
EPLEMVSDTMKLXPBVOJNOVWSMEPHHRAPHLXPKHSL
MRPNKTMHLRMOMQTNNNHJLQOTPJKFKLGMGFFGOOJ
VVXVUVWXUXVUVUWUUVUWUUXXVVVVVXXVVXXXWVV
TICIJATOBLXYHQXKRHZMKDNDFMUFYQEMLSSDSFT
KCRLZCRPSCRCICRAKCRJCRDOCRZOCRMQCRBVCRJ
LMZZWBAXUSGQBCBIONMXFBRBKPYOYSUBEYEJTFD
MMPOJKIMPOJNPIQKMMMINPIMMMPJKINPOJKKINP
SRTWLBTKBTCCGWEMITWXNBFUPJGJWGOXRBWBWWE
GGZDCJIJRBDPKTUCGKIPPUUVYMIGJYRMCCJNHCF
UVDYOGRHHFAJQRPTYJNRNPYZBZYOEMGPMQCZBZY
MYDYWLBVAHJGENXMAQTXLVJJHJOIFDXIPCLAZVK
QQOPOPPQPQQQPPOOOOQQQPPOQPPQPOPPQQPPOPP
NHSMGEJNMGEMLJFJJGENQKSRFQFMOLLHHMNRFLI
HAAPAAQRAASBAACTAABDAAEJAAKLAAMNAAOFAAG
GGGGPOPPFEFFKKKKSSAAAAARRRQJJJINMMNCCDC
JHLIGDOBSOZFDRXYRSKAQRSYKATCNCDLIGFGLCZ
UXVXXWWVVUVUUVVUXXWUXWWUUVVXUXXVVUUUVVU
HHSFHSUQHSUQHSKYHSJWHSEEHSODHSTIHSGGHFH
GFJHIFGGIFJGGFIHGIHHGHGGIHIHIFGFHHHFJHF
BPQECPQFAPQZLPQOPQGHPQBLPQOUPQEAPQYMPQE
TUKAQTKGQJBRUQYLMMIQEHSMOUJBRXONMJMDMOU
NMGLHQPQPQKOINMHOINPQKHQKHOINMGMGLNKHOI
OWVANAPXCUEWAQPYUMWVQBIDNQDXMEEANAPKDTH
JSMOOKQVOOOQTRVQJSMOOOKRVOOKQJSOKQJTRVO
NJPQLJMMOLNHPPNJQHHMIQKPNIHOKMJHINMNNIP
XGTVRJWWTHXIZXTXWVITXIXOUVVZYUGGNJOXXMZ
RHYOKNFAZFJHWRSULDTVARLGAZFBTWMOODTIRDA
TXPXEVEVESFALPMCMFKTDASFSFAKFCOMXACEMCU
VHPVQTSPVJQUTTVNIHRSVOGHQVLHIIUVVPVNIVU
KOCAZHDLYTFBLSQSRTWHKHHLNAZSOWSJXTBNHJX
QESNFGJRMRUGUNEGKQGLPUEKQGEKGLEOJLSPUTO
GRJVQITMGJULSHGUGJSSWSXLJGVXWKLIKXMVGHI
FVGUCTKUSNCIUSUCIWURQWKJRLRBVROCIHNYTJE
PPNPPNPRRLHLSSOIMRLUPPQHTTLSQKQTJTHRLSS
GFEGDCDCGFGDEGDFGFFCDFDFFGAGAEBEGDEEBGF
IXLATPZDNNOCECQIOHOIEACEWFCLLFUZTPZSEZV
RXLTXLXUXLDPXLHGXLTAXLOJXLTAXLORXLXLXLG
DSPUEVIHQHSASDZOGTRRURRWVHFVWVHYBCSMYTV
DEICTKLIYDEILEOZXZKJZZXWOSDLEOZOZDJEMWO
LGVJVJNHKOWOWOIJWIKONTPJPJUJNHWIJGUUJLG
OPOPQRQQSAAAAAALKLLMMNMIJIIHGHGDDCCEFEF
FFEELKLKJIITAABAABBGGGGDCDCNMMNQRRQPPPP
LQWBHQWTQQWQGQWPUQWORCQWMQWTMQWCQWUHQWW
BYSTEYSAYSXYYDYRYSWDYSNXYSJUYSTDYSHKYSJ
GJJKRNLLTXGXWHYHGYXGPRZZZISSUYHHXUHIXGG
OKHQJKHDOKHAKHVFKHHWKHKFKHPHKHHJKHDFKHW
RAASPAAQHAANAAOBAACDAAETABALAAMJAAKFAAG
ZYMMYMCUYMTZYMSJYMDZYMSHYMVNYMNGYMVMYMN
FQURGFDVRHTTJTOUSSKOHFFKSDOOKOFFVNUFLEF
FKJGJJJIGIJHIIFKHGFHHHHIKFJKKIKGFIKIHJJ
CAABCABCBACBCBBBACBACAABCBBCABABCBABBBC
HQJHBTMBTMBZFHGKFCJYKSKJGALLHYHSGSJEICI
XJCEKXVQWXVHKXVOFMGPPQCWEYCJWIHWIMYXKSL
ZMTTPMOLQPMOFMNJVUMBVRSKMKOWVOSEIKTKUTL
PTVRTPQPVRVPSTRURQVVPVRQPRPRPQPVUSQQPSP
XLCALCLOLCWZLCKPLCFRLCBDLCWGLCTYLRLWLCG
MWHGLKOQZEUPPEAUREXDAWLFSULUREXAPDRFOGL
NMMKLLLSAABJJIJEFFFHHGHPOOPAABBDCDDRRRQ
KDDGDDHUDDVQDDRIDDJEDDFSDDTMDDNODDPWEDD
WWYVWVVWYVVXXYYYXWWWXWWYYYVVWWYYXVVWYVV
HDKPFSSWWRZDGIHHXGWGUOUSLVXGOODSLVXKBUD
YNNZSNNTANNBCNNDUNNVGNNONNPQNNRWNNXENNF
CVTZUZVHEMCVHSTSTYRKWEMTICMTZJGJGUZYRTI
QUPTOSJJKQUQVJKIRTOPOQVPTUTSJVMUTIRIRPO
NJPLPOLJLKNJJNLJPPNPKJJLOKLLNOOOPKJLLNP
LBESKKIPXUBJIECXUBBIHNWFQQOMUJVDUIFGHLR
KKKFBJVIJNDGTMVQYYEVGPSOOJLJVLNTPYCGFTG
KJJOZFYIAPRRSJRDOPFVWTMPRRXLFTTUMZBDWFJ
QKJPMRRWVKTGLLKGDHWVURGTSVVKDTQRNJPRMWG
KKJJKKJLJKKJJKLLKLJKLJKLJJKJLJJKLKLJKLK
NVQRTZSSRXMNTOLTKSNLPORMJOTUWZYYJQTTTUU
PAATBAAJAAKHAAINAAORAASDAAEFAAGLAAMBAAC
BABGHGHFEEFJIJJPOOPCDCDNNNNQQQQKKKLTBAB
GVRTBWAXOXRZCZXEJJUVZGUZBQCLGFXFTJSBJKR
LPKSLUXWPPVVURPMKRLNPJJNZSPKVSXKZVSRIZM
SUJSRJVSSUNVSUJRJVSJSSUUJSSUNRKJVSUSUNR
LKLIJIJABABOOPOSABAQQRRHHHHFFEFDCDDMMMM
PKHONNLMFPFFNPSJMLLNSNEKSIRLLISGMQHGMRO
WODSFJBIHSBPLKLPBPWOCBFJBIWMELKLPCBWMHS
GTOEHNKJOWLYUROFHJNGBGEWGFPDIQEBENWXAHU
WPYKLPYLPYUNPLPCPYNEPYHYPYBRPYKOPYVNPYV
IHJHIJJIJJHIHIIIIHJHJHIJHIJHIIHJIIHIIHI
BBBCDBCBDEBDBEEBDCCEEDBCDBDCDBCBEECCDBB
GHODOEIHKHGOFNDIOEIODLJOHILKOGMJCJLGEKN
GMUNVUANJZFHREAGVYNJPEKIPZEEKKNCDTXKSIH
IUOYIKHIZEZQOEOHDQQJRDYOYGIGHRPYPRIZJOG
OMZASWDKZAKXWWWNMAXFLTUJTWUWXVWYJJUWLXQ
TSRPSSQTROTSPONNTSPOSNRQTNTONRORTSSRPOS
ABABPPPPSABQQRREFFEIIIIDCDCMMMMLKKLHGGG
LNNLNNNNNNLNLLLLLLMLLLNNLLNNLNMLMNNNNNL
QUPYXWNPQVRYXWNYXWNTXKLYXWNNMQUPRTXYXWN
HGPENRFSWVOVLWVTJHODVUQGLOFVLWVVKKPLOXN
KJJOJJPCKJJSJJTUJJVWJJXYJJZMJJNQJJRAJJB
HRHPCGQDLGGQBEGHKFQQKHQGRQHGPJCHLEHQFMH
SWQOWQOQOQFMHJFGHLUUTWMIUTWCSWQGHLUFNFM
BOYIKTXBQOHJRCSYXOQAGQVDCPTOOZNFHYXTWVC
ROGBIAVNFAMZDYXPGCRTBMGIKDDYVWAOGBDITIY
NMUQVJLMUQVINMUWINMYIMNNWINUQVJIMNWMNWI
IROEROUPROPFROXAPROLROBFROTMROKJROTJROU
BMTHIJRQPBMOQPBPBMTIOQPSIOQMTHITHIJLSIO
DCCLKKLQQQRBBBAMNNMTTBBEEFFPPOOGHHHIJIJ
GBRYHUEUBQCOIXABQCSUQTTPNMCVPZQSGFZLFSY
UTLTBUXNFUEXKQDFDENXORXEWPXDITVVPQWWLOF
PTLVIJHIPTLHIPTLVQIHHIPIJHHJHHIVQIHTLVQ
WSOQCFCRTDLOHDCOQOHFMNSDCFMNSRTCREKEKWS
IQPBQPLVQPYOQPRHQPBLQPLNQPVSQPLQQPJEQPH
HTLUFFNPQTNDZINXKJCDHTLXXPEENOAYAYNLTZV
ETQRSEFFPKOJWOWMHGJWOWEKUSCCMWNNBSROLUM
NKKKGHLLIHLNNLKJNGHNGHJJKLILGILLHIJMJIK
AVIKOCMXCGDKNBLTPMAXMZYKNBLGMROEBXJPIEJ
QSSQSRTTTTTQSQSSSQSSQQSTSSTSTTTRTTSTTSS
HZSDRWEZOOSZNZWJGBKZPBPWEJOODKVNYNQTIJI
WUXXQSYRSYRSSRURSYRSRSYSYXWYXWUVSSRSRSY
PUPYFZYLTLMPMNOCUULUHXESGIZRGRMHYORITLN
LAZNCQKAHAUHBHFYUUTRKFSSHUJSHUJUMNCKYDP
SMAZMALEMACRMAHAMAJTMAEGMAUNMATYMAJBYMA
IVZEVZTCVZLYVZJJVZHIVZFPVZKHVZTFHVZOVZE
GHGHDCCCSTTBBBAFFEEQQQRJIIIPPPOKLKKMNNM
RNTKPJSJNOJSTKLTKURVPRLVUTOUNVVRTNJVRVP
SUOTRVVOUTRQQQVOUTRQQVQOQUSVQROQQVQSOQU
IOGEJFNKRNOPQNIMOLLNMKKOIMHLIGFHNGRRHEM
RJELPYLEKYYDEGOGOERUSBNJEKYQWYYGLPYDEGO
HGGHGGINGGOPGGQXGGYRGGSTGGUJGGKLGGMVGGW
NWLVVSWTLNWLNVVLVMQMQVUSWXSMSNUNUTLXSMS
EFFRRRRSSBABABANMNNIJIIOOOOLKLKCDDCHHHH
JNZISEREPPQWHIRFSIDPCHFAHXEJSUTTGMJSFLP
XZXLTPDDXXDEPGTXHYKQFEHMBBZLKBJZVZKDNJZ
KJMMLLIKPRHLIKJIKJMQPRHOQPRHLLIRHLLQOQP
TMRTENUSPGYPFLVFWDSPJRTMFXKJKTOPJRTEUEN
RKAWVKAZVKANKARFKAAFKAECKAWKKAQRKAWYKAT
FRPXPXRZWIHCPMGHGADXLDRAIUCIOQGBTDVRZST
ZETFOBALISSPMYTMYTDAREQINUFSDYZWDXQULGP
PXXROSQOTZQSRVZQUXVQTVUZUSNPVZQMORNVYUV
XTBUSBPXAEYBDASTNFEKVQPEQPQVPEFPIOPEQWH
SDDTEDDFUDDVGDDQDDRWDDEODDPIDDJKDDLMDDN
KZCLUMCIJSUTCSUSSMJUYKVCJYTKZCLJZJXGZCX
EBBKBBLQBBRCBBDSBBTOBBPIBBJCBBDGBBHMBBN
CDDDOPOOGHHGBBBBBBBEEFEIJIIRQRQMMNNLKKK
RURQMURRPPRTTMSSQPSTNUTSSRRQUTQTMQTRSMU
OTXVQXXRPOQXTSXONNVXOMQWOUNTRQPTOOWQXXN
ESYESYUXVOTSWXTWHGBOOZSKUKNIBHAXJZZPNFT
YRTNYURYWPYQQXMWRXOOQXQRRQYNQTYYXWYMXXN
HOOWZPNPLVTBHBPSYJGGOOMRNPNPNZZYCSCFIAZ
BCDBBBBDDDCBCDBCBCCDDCBBCDDBCDCCBDCBDCD
FTTPAZWTPNWGYBAXUTBKMWZZFKQANPUXBZBVTLW
GILGJIHFFKHKHMGHKGIKNHKMGGJFNKFKFKNIHFN
GRRPVDVZBTYYTJAILJJKNVJBGYBMGMEIFZFTMPH
SPXHZFELQLRJCOPKAZFUYTJJTYLKCSGYVZNURQH
GFSOGFSSNRFTSTWCCHELUJIZJGPDWCQGLWMASWZ
MIKFPDJJDLEEGQGGEORRRHQJRSRRPMMQNQSSPON
BYQPUYSOWMDMNJDAFJRHWVVDSTUSTUHNMCBNSZE
FEJGJHILDHGLKELIFLKGGEEHIFLJCCCFLKELKEL
CJKYHCPMFFBHJMCUDUNPGLPWXIZOXLOULOWCJAH
DNFGKNFSNFJDNFCXNFLUNFQINFGZNFYFNFFSNFJ
LFZMVOBKQRLYRHOAXPZDYGJQRLAUAXEXEGTSOLC
EBECQEWEWPNAYVZPUGBBLWHESIKFVAWXYAIFAYR
SWPOXSSURXSPURTOPPPTUQSSWTSSROUSSSXXSSQ
XMMRMMSNMMOZMMANMMOVMMWPMMQDMMEBMMCTMMU
VESFSYJXTPSPOXZNRTUHJMXBDRYRGQJVTQMQSYJ
LAKSXAKDIAKSNAKROAKQGAKLAKDFAKJPNAKVAKW
OIJFEHQHQFJBJOIIJFJJOIJJBJOEHQFQFJBFJBJ
BEWOQLTNLJSNIWIOMZXAHHIKSANOBEWEUXHYSMG
TUVRURTSRUTSVSTUVRSTRUTVRRUTRRTSTSSTSRV
CPPUPPVIPQPAPPBQPPRWPPXSPPTEPPFYPPZGPPH
NPJGMRGRIGKKISLSGRISLLSLSGMRGNPGKKIGRSG
NXNASZJJTPUSTQTIQLXCPVXLKVLOMECBKYODFUI
HBBBCMEAFYWXPLUNHBKEBGRNHBKASWXNVAMTPHY
MYCEKEHFHGQWOWEJQQBZKURURFZOYWORLGAUDPF
NAMRNPNFYFMZTKMPZVXAZXIXABSWALFEBCQCQIL
MMNMAABHGGHKKLKRQRQCDCCSAABIJIJPOPOFEFE
AFAGFEAKGEJEJKIAJBHFEAFKIAAFBKGAGFEAAFA
VVVZZUSXXVVUTZZSZWVWVXXVZYUVZSZYYUTYUYY
IOZFDSLEBRCRBLCGWYVCGIKBIKPCYFRBNUDYIZY
QSRTUQSSRQTSRTURQTQUQSUTQQSQTQQQQSRRTUQ
JBLAHGBDGEGJIBCJEFJFHBAIIEGEBDKKBGBGJCG
RNPSTNQOTRTTRTPQOTRPSTNTNQONQOTNPSTRTPR
ALTCVLTMLTLRLTMGLTKNLVLNLTIOLTUELTJLLTE
WKJTMFTNYJOJGYZEJBCATITLLMFMPQNHCBYRUUC
KMRNKNLMPNRRKKMQQLRKQNOLNNKROQKPOOQOPPP
DSNECSNOFSNXSNLVSNJMSNIASNAZSNFMSNMMSNK
PQWXRWHWIKLHWMUVRPHHPSPLXOKUIRLTUOVLRWW
DRERGRTZKYWZQKFDGRTZHSMNOFTSRYHINFXOAFE
DMMEBMMCTMMUNMMORMMSZMMVMMWPMMQXMMYNMMO
JEGCFFIHEECCJEDIJJCDGCJFHDHFJCFICHFCEBI
FRLGNISKFELEMBCGGIJPTLFCRKGJTERLDJPSJDK
SDDKDDLGDDHQDDRIDDJMDDNEDDFUDDVWDDEODDP
KQCNPQCAOQCHXQCMXQCMLQCPQCBLQCTYQCMUQCK
OUFPKTHRDHFUTKPQRGIFMQUMMRRUROOIQQUHLGQ
YYXWXXWXWXWXWXYYWYXXWWYYXWYWWYYXWXXYWWW
WVRNRUNUPROOVRYTUUONTRTYWXUONXNTNOYNUQT
SHOJMLBGDRQKMGSTKRMGGLMGKMGKTSGMGSRLBGG
OKOFKFBIHNLLHLEJCGEGKODMOQJDHMLMOQJBCOB
TZZTZUTWWVYUVVVVYXTZZTUTTYWZVUWVUUVWYZZ
TMPQLPIPKJQMJIRSQTMQLPISQTMSQTMQLLKJIRL
AABRQRQTSSAHHGGNMMNPOPODCDCJIIJKLLKEEFE
GBOSKKQKSNERYVDTEYKTCIAYKFEBBEOCARVMOUP
QYPSTGQQLJNPEBSFMBEEJHXNMJPTGSQXTWAAOTT
GHGDEHFHHGGDGHCEGFECGHDEDFFDEHCCHHEFCGH
IBBOBBPGBBHCBBDQBBRMBBNEBBFCBBDSBBTKBBL
CDDDIJJIQRRQABBABBAOPPOEEEEKKLKGGHHMNNN
USUNRNMPUSUPTNRUNUOQTTUPTNRUSNUPUSUUTTU
JVSPGXMZXVPROHTYMRTTGMKMNMYTSNZPQORKWYM
IBJGQWVOBEBXSDUBSWKKKWXVUMOKYAIUSJUUEQA
DAMCWPNNFXPAMCWXPJNMCWPWPNFDDAMPNFXFXPJ
SMNMKQQJPQQVGVMNMMKQLJKJKSMVMPRQQVGPRJP
EEFQQRQDCCCKLKKGGGHAABBOOOPJJIITAABMMNN
LLLSBBACDDDEFEFQRQRBBAAMNMMJIIJGHGGPOOO
TAABAACPAAQNAAOJAAKFAAGLAAMDAAEHAAIRAAS
TTAAAAARQQQHGGGDCCDOOPONNMMIIJILKLKFFFF
ZQQVQQWFQQGTQQUHQQIXQQYRQQSRQQSBQQCDQQE
PPOOKLLKGHHHMNNNEFEFTTBBBBBJJIIRRRRCDDD
AHTCXHTAYHTWOHTNUHTHIHTMHTZFHTLIHTSYHTN
OOOOTBAAEEEFMMMMCDDCLLKQQQRIIJIGGGGBAAA
NDMPVGQKVONJDVGQPEJRDNSJSTRSRGKSRUJKTQS
BYKRYKKMYKIAYKJYYKAFYKZZYKPVYKBSYKFZYKQ
SFNLJKRPUOSFHNORTMOAPHVOLBATOPVTPMRRYFJ
RFLZFLWVPFLJFLERFLEPFLMVFLOPFLVTFLODFLP
FAFCISSUERJEHLAAFCGTOUEORUXKBAATKMFEGOC
RQNABFBIACYOKTOHTLIGLPWLCONTPMJQRRQGMEG
LPOMJKKQKJPNNNNNKJRJRQLPLKNRKLLKRQQMQLM
MSGFRNWMWBBZCEKWCLBUUPKQIPVNSJZXPJDPZCE
NMMQRRRIIJJBAABKLLKOOPPEFEFDDDDTSBAHGHH
JIITIIUNIIOLIIMXIIYPIIQZIIAVIIWRIISBJII
FIDGHDJKJBGJFKJGHKEKDEKGFEFFCBKBJGGECDB
GEDDLAJAENMJEKEENMDJAIDGGANEDDLAIDEECBL
JJIIDDDDSBBBBBAKLKLHHGGRRRQNNNMPOPPFEEE
LJMKONLMMNLMNLKLKMKMKKKMNLKMNLKONLIPOKL
UZBZZBNHZBCSZBVWZBGPZBOZZBGSZBVSZBYVZBL
ABBQQQRJIIICCDDGHHGOPPPTABBMNNMEFEEKKKL
SJWPJXKLSJWPHTHXREKSUQIDCUIJFJLCTOWWADZ
DBBAKJICGLLEHBLIDEGHFBFHHFGGLLADEEECGDJ
TRRRTVTTVRRTVSUUUSVTVSUSVVSSVVSUSVVVSUR
SVJURKCNNLVBKQAHHNEVWPDWIMHGJGTHFRHABBL
TPEZJULGOVUARUMMGKBCJHDSLMNCQKHNTZJZZEZ
ZJFRTJFEMJFGJJFMJFWWJFKZJFSNTJFAJFYJJFC
HHFCEBFBFGDBDHHHHHFDHHHEBFGFCEBHFCEGBDH
PCKTVJQQMFPOIPLMCJOJCNFFWXPFKVMLUFTPOEF
MTLASIUNEYRHNXUUWCEFTQESPZMWCEZVYOOMMKB
PKMKMKQWPKMPPNWMKQLTWPKLPPNSTWPKQLPQLPP
PCCNCCOLCCMDCCEVDCCFCCGTCCUHCCIJCCKRCCS
XLMQTKNVIPXMLVTNVIPVTKNPXLMIPXLKNVILVTK
SSSAABAPOPODDCCQRQRHGGGJIIIMMMMLKLLEEEF
NNCGFHKMLCLCBEBOHILBFKMKHKOLGBKKIGCNHIN
OEDMYEDWSEDLGETEEDPAEDHCEDZUEDSTEDEYEDQ
BBBBTTBBIIIJMMMPPOOHHGHRRQQDDCCEFFFKKLK
FMEVIHTNOAFHXUMRYTTULZURPTZZXZZEAEIIHTN
NQUFGUHTZQSXCSVRIYEHVHRSYOUEBLXUPDNLTIT
UUGIQHQJMFHJMFHQVLHMHJLQFTKMVHHVFTUHHNK
CDDNNMMHHHHRRRQKKLKABBBIIIIFEEETSSAOOOO
FAFDPRHQABTHLBKTMNPFJSPPLLFPMJCFJDFKPKQ
TUQDTNUWJGMTKMPJTQBRWZXTNUUFVXURKKZAGIP
IIIIGIJGHHHJGHHLIGGHHKKMGIJGHHHHGJGGIKL
PXQOPUUTOTUPOPYUTYWNPOPWPUUSOZXXQOVUTWW
PMDUMDVCIMDIMDERMDZJMDIFMDRQMDLMMDEXMDC
JJIIEEEFAABAABARQQQHHHHNMMMCCDCLKKKPOPP
TJLJIRQLJHPOSMITVOSRQQMQLTVMITJQMIRHPRS
KDCTEDFXAYEEEKSZNRWDSKGSNCWFUEVGWGJEVIR
FFFLKLKBABAPOOOIIJJDCCDQQRQGGGHNNNMBABA
NNMSBAABAAAGHGHOPOPIIJICDDCEEEEKLLLQRQR
XJITXJIMJFUFUTXHPMJUTXJJITRJFUTITRMPMJF
MHHUHHVQHHRYHHZKHHLIHHJSHHTAHIHOHHPWHHX
SCQVMTRMZUSTJULPZLGONBDOGSNQVNPKYUOWJLS
AATZGYEKCYLAFIHGIITEGDNLKCYMKBARCBXEZLD
LLLQQRQAABAOPPPNMNMCCDDJIIJEFFFGHHHTTAA
SEIYOSENLDUOENLOWLGLGYOJDKFIYOEKFJGJGOW
JQUPTTUJNTMMTUJUTMQQUNJQJTNTUNQNTUTJMTJ
PXRBKEUJUFPNZKIOKXPMLAICUXRPNIKZEMFRNBM
JKHIGJJKJJGGGKHLJIJHLJGJIJJJKHIJJGGGJJK
BHAKCHPPKDACJOLIICBEGMCPPGHHLIELEIIAJCP
WBAOQMJLTDILCBLIWXNNYOWJIOUURNLLWTEZWUL
NFDPKQHUKHHGQGGZNJHBZKSVWVCXRJBNJHJNIPK
UHXXTHXWHXWZHXTKHHHLHXBOHXXEHXKHHXZPHXM
MKFXAKMSVHOGBPXWFVQERZFYAOUEAFFZSDMDTAK
SMDMKLFSFKRRXUGEXVCLBSLQYYBVFYBXXNCQXXN
USSSSVSVSVWVVTVVWSWWSWTTVUTSWTTUTUSTTWS
FYNNCKTTRALJKEYRGZNALTBWNZQQWOZPLYGALZO
DHLCMFLFFIDGCCMLCEEEEJMJMHJHJCKIDDHCKGC
PPJPAVEGROCAUDOUQGWLWUVZPWBZOWXCRPPAOJY
HMHDAQCPANJDKOIGWDBUTKJVHMHHLHLNAMNQXUZ
MTLVSPQUQETKUCIYUDHBPEAMDEZYCMQCAQNJYCM
DXUZHCGGBGWIMRPDKHDDMHWJALNSVIWKMGMSSWV
IJJIRQQSSSBFFEFBBBADCDCHHHGPPOOLLLKNMNN
CEYGYEYRBEITNHVDLQGCZFLRLMTSKYERHWBMXXV
URGLFKFGPXKQVDVKFUZMQURXKURUZGPDVLFGLMQ
LNNNNNLGLLILILNNLJILJIGJIGLNNLJILNNIGLL
FJIIFIFHFGFGFGIFIHGFGHJHHFFJGHFJHIJFIJH
GAHIWFEBADJKXQUMMMZSFBKXBLFWHLEYLVGUBAD
IHHOHHPUHHVQHHRSHHTAHIHKHHLYHHZMHHNWHHX
MBBSBBTCBBDGBBHIBBJQBBRCBBDKBBLEBBFOBBP
SUZOAAOUKHNGALLIDRBTOMPGNGVDANFTOMPOGVZ
MFEQTCPUPJFGHUPEQVVVVILYLMFJFQTPMGHCPYL
LKLKHHHHQRQQFFFFABAABAAOOOOCDCCIJIJNNMM
HCKEIJLECCIIKDEEHIIIEGDFLFHHKEELCJEDELF
CZHWOKPBRCURXHCVEXTHPXDEEOOLXFGJCZHKTNU
MJGVNQSTPRWKZCMXYMWKHMVQCBSRIVDETPRLPJS
WODQYCKUOCQELJXQHVYMQYNNKJYJLHRJNOKCNZU
KLFAKJIIHDAFAIHFAIHKCICIEFKIHDAKCICIEFK
GAQLDSEAYIQXOEYIRNNNRSDWCXAZMVQDGNLMVYD
ITKIHOHSKERPFJHOHOHOHOHFJJKFJJKOHSJJHFG
JZCIZYKFJTOOKZGKRVYPPTXPPTXOESXTFJROONE
SQWTHCFJHRXGFIGWWNEQOXIOWPHIOPWDOMOCQJU
ABAABAAQRRRJIIINNNMLKLLPOPOFFFFCCCCGHHH
KRNSRXCPHMNYZQBLDAYHNSTQAHENYNHUDJSDNTW
IYPQGNWUKRUTEFWHOKTUVJHVKNUEHYVHKFHWEIE
FUJLIRAQRVCMMFIOBURSKZNKZNBRACMBYMGAYSL
ESBFESYEUJXUXIXPBYHTDDLBTRMRXQXCTFDBWVX
XBREEYRLCYJEQVTPPADDIDOFWTPALHEUGPNDXHB
EDHFHGDGDEDDEDHEGFHHGDEFDEGDHFDGFHGDEGF
TCCFCCGHCCIDCCEPCCQNCCODCCERCCSLCCMJCCK
NWBTDFXTNWHFGINQIQHMDZBGIQGEIFGUGJQFSDA
CABUSXQBZZYMWYGPXFPDCHENGPUTRAUOXHEABLX
DGGNAJLLPGHOPIBBOREHQOHOQKDEMEDNRFOHKEO
DGHIHILKDEMDDDELJFLCINMIILIMGNDMMCDEMIK
CUXZVYJMUVKMQUKHCXOKSXCBKYSNNVHUBAQLCIA
RRQCCCCFFFFBABBGHHHTBABIIJILKLKOPOPNMNM
FZONSOLYWODXBAZGCZRYWVMHWCDWCDUJLBHPBAW
WMUHTKWJQTHEYKMHDSIABKNIKJBSCKJBXJMYBHY
VBFMDJRXRXVQSPXWOPPVBFGQHXRWEXMTFIUJZAU
JGGKVGGPGGQNGGORGGSTGGULGGMHGGIXGGYHGGI
TSPUTOWTPTSSWRSRPPTXWQORVPXXXUXSUPRWQPT
JKKLKLJLILKIKILKIKILJJKKLIJJLIKKIJLIJKI
XUXXQWNLKLUBFWFLDNOLZXULUBFWFLKLULZWNLD
MNMNCCCCKKKLHHGHAAAAAAAEEEFQRRROPPOJJJI
LLLLOOOPQQRQEFEEAABHGGHNMMNIJJJDDDDSTAA
BSSCFSSGTSSUHSSIVSSDSSEJSSKXSSYZSSATSSU
KFUQFVEEHCNPZKJKJKXJCTZYFINFXJFJSYMXRKT
TLHOMNUJQRONFJQFJQRMNUTUTLHQROMROMNNUTL
VHXOLZZZVEFHFQPQMREIBXWDKJYTWJHDDKJMBXL
VPGNSQQRIULFFVPGNSTSTRIULUTSLHIQQSLUTNS
IHJIHHHJHJIJIHIHGGJIJGJJIIJJHGJGIGIHGHG
PFPQOUBLPFXOTHDVMWLHDZOIJGIUZLAEBUNZQAG
NAAOBAACPAAQJAALAAMDAAEBAACRAASFAAGHAAI
ZHGGJGGKVGGWLGGNGGOHGGIXGGYRGGSPGGQTGGU
TYRXUONNVQUSWUNYTNZTKPITQMZNVPQZTKPPRJR
LCCMDCCJCCKRCCSPCCQNCCOVDCCTCCUFCCGHCCI
XGVJAJBNSUVZPBWUIDYHJJINAPPBTLHGRWJWAOY
SIPOHMNMSKQSMLQPQKJKKUSQOSGJRMMQPHKNHVP
VVXJUKRMGYWHTILZQGSJDEFKSEUYOVTYOVTIUVZ
TQFHLGPZWWVYMTSZFDXMQGPTQFOYRMGYEDFAFHE
KUSRODMHMEBGWUUEKKRUPBHBJNKHLWGRCHHMDID
QJKGZPMNLIBQIZHDGRZZBGGPXJGPFOIAWRWWRWW
LVRURSKEZXEXRDOMFRGKJWFJBUDATHXDFCBFRGK
ZPFHTHQZIXOQKYPEBMFKAQWTSZKEBMFKDZQYHND
CPYHSKDHRHQFOZCTHRHZZYBIENLDVVOUZWONFUF
OXHYNUKDIFZHRNPTKMYIBJLXDADQJSIPGYSMZIE
KRBZVDWSBHDKRBZQOIQDWSBJXQODWSBVRXGDWSB
KPFAOPFFXPFKPFPWPFHXPFKPPFIOPFTKPFLZPFO
SMOTPKSPKSMKSMOKMTPMOTULSKMSKMTOTUQMTPK
RGGZHGGTGGUJGGKHGGINGGOVGGWPGGQLGGMXGGY
AEDBACECDDEEBBBDDEEECDDADDCDCBDCAEAACBD
ATKKWBQGZKAIBEYMOLNQMKENOFDKOOROORCZZUL
EKKFGEGKJGJGHGHFIEJKJGJGIFJKGEEGFKEEJFG
HGGGKLLLRRRQJJIIDDDCFFEFOOPPSSTBBBANNNN
TBBAIIIICCCCGHHGBBABLKLKQRQRPPOFFFFMNMM
QQRSQRRPRSPRPPPPPQQSPSQPQPRQQPQRSSPRRQQ
GFFMFFNKFFLGFFHQFFRUFFVSFFTIFFJOFFPWFFX
TPNTNTAAUJPNTNTKRETRETPTAUJNTAUETPNPNTN
ZTOABYWIMUSNUQLCGSTCIVJENZQDBKAWPXVDPXL
DQBIBUPURSCPSAOGFRYMXGSRYOVAWOCGASDGFBE
LGOZGNKELPLWSPFVVSEUEKBQVAYDMLOFSETOGKR
JLUCSQDRGJLUCOLNGLEYDVFPIYDTQWSQDRLUCOL
SPOMWWPRDHJAOWRZDNBPNBHZVMCPRHGLFRCTLJA
LWFXPLBYZGDVFMALHYNLWFXJQGQOZHZRGQFGLSP
WHZPZNZYTWYYGRJXKOQFULWJSPWWTIXZVWQQSPY
XUEWHWFFLDKONVUKCCNRDJKCYGXGUZHZRJEHDWM
ECBCDFCEEECDDDECCCBBECBFCFBBFCCCCCBFCCC
XMYRJSGGARAPIRHGBPIRJLYKAJXMZYTJSKRMXTM
BABAIIJJFEFFLLKLRRRRTBABMNMDCDCGHHHPPPO
KRNMGPKPJKJEEQNORENLROFIMLPHGHFHGHFLEHI
FKHMVYQAHDBCLXNINEBIQGIEGNOKKDRGKLCIJYB
EDCFCEFDEEEEFECCDEEDEEFEFECECFFECDEEFFE
PKKTKKULKKMVKKWNKKOLKKMRKKSBKKCXKKYZKKA
JFWKTFWWCFWUFWZRFWUDFWWMFWMSFWDYFWLZFWV
HFFFGFFHHFFGHHFFHFHGHGHHFFGFGFFFHHHFGHG
VOPULMQKLFGJPGGSLKQPPHMMQKUTVPPEOINNNFL
BASZKCUWAKCULIHUCEFWNADRWJLJNQLSYEHKQPX
YTNPQRTYTNPNXYPSNVTVYWQVSPNNXYPUYXVQTNX
SDDTUDDVQDDRKDDLWDDEDDFODDPIDDJMDDNGDDH
GGFGDFAGCASWUQQUBWUTDNROFYXXINHXQGUTLHT
HQEGMPDFHBGEIPMKCMJBQMHIFJDKBFHBJQGCCIH
SCGYEJNYRPCEJNYVQFZRYMROOIXCJNARZSVQUOB
JGGKNGGOHGGRGGSXGGYVGGWPGGQZHGGLGGMTGGU
KUSWVVCIDUMVVCSHLFFIXKEMNTUIWRKHDSTTSPO
YZLUOZLCZLWPZLCSZLNTZLFLZLRPYZLDZLRIZLD
NOOOLNKKKKNLLNKMPLLNKNMLLPMMOKOKLMPMONO
EEGFGGHGFHGFEEGEHFGFEEHHFGHFHGEFGHFEGFE
UFKTIJJJJUFKUPUIJKQMTTIPUIJTIUQRTTIKQMT
LLKPOOPDDCCGGGGEFEEABAASSTAJJIIRQQQMMNM
RQKMTVKISGKKVPEHEEVMOFHEPNMVLTGKIOIIEER
KTLJMQNUTTRPLJSKQNFRPKTNFTTNUOISKQEQEMQ
SKZMVJTWNRJWCRHCSZKDBRMATDFTYXSZJLENXTA
NEDKOUTRINPHVNNEXCAGQUGUAEYLPQQZQKYJJFV
NDFKDMMEBDLULPIOVEQBEEUFFUWNHREBEEUCFTU
OVVNCLMRMRDTUORBHWTADJBAHVAOQFOWSIAMWAW
AQFTFXFFKAIHQDWCNVXGSHUKENGWIVUWNVEMRMC
BSXUQAXHBLCXWIXJTWMDAFSSTGVRKLNDPCVXOVK
JLMJLMMKJLKMLLKLMLMLLJKKJKJJKLJKMLLMLKM
EKOHOHFPFLKNCJJKNEIFKFLEHNCEIEHJJEKIMFK
BLPMOLPELPEXLPSILPCNLPSSLPMQLPGNLPMKLPG
TTSBBBBRRRQKLKLJJJINNNMHHGGDCCCEEFFOPPP
UOQYOUOCOQTTOQGSOQOAOQOXOQUIOQYPOQZNOQZ
JQNGRPHFWCRKAQDVPWPCUIFXFCRNNDXTTQCXFPH
SQOVQRSSSSQQXXOWPXRXRQXPUTVXOWOOVWPTVQR
PAAQBAARAASHAAIDAAELAAMNAAOFAAGTAABJAAK
REESTEENEEOPEEQLEEMJEEKHEEIXEFEFEEGVEEW
NYQQEBRBHJASQGAODSUOZQONQCBNCGGPNQCEWSD
PDFUHINYYCRXBMRBFDAPFEDCNRYMTXGLPHIPDFU
IVWIMKHWIVKLQMKUTLVYZUTVKJKLVXZJKLQHWYZ
HIIIJHIHHGHHJHHGHJHJHHGIIIJHGHIIIJHGHII
BSTKWSFNKLKIMUVPVKFWWUWQASJFKLPFNSITVAT
SBBTIBBGBBHEBBFOBBPMBBNKBBLQBBRCBBDCBBD
RRSPSPRRRTRUSTTTPQUTTRRRTRPRRSPTRPQRPQT
AJJKCFBDBDGAAIEGKFJEDBBFJGHADGKADJCBADJ
HMJRKRLPKIKORMKLMJJLNMONMRHNGOHQHRKGJPR
HGJHHLKGKJLKHLHIHJGHLKLHHILGKLGLKHHLLKH
JZJOSWXPNTRTRJZXPNTZJONNTRJWXPNRJZJJONS
ARVHJHIXGYNEVJHWEAJYNWEIGPMAJEVTJARPMTJ
BUOOUOXRUOMHUODEUOODUOWBUOYIUOCRUOTIUOR
JQTRRLKVHRRTRNIWPKRLKKRTSWPNIWQKRJQWQTS
YJWLPZXERJITRZXCXSIWRZZHXJIKIWJNFIRNFIR
IEKJGNEMCIHEJFCMOMILCOIGCJMHOELEIHGIEGE
YYMXOUPJWIVXZINNKZJMIPXVOHYJWYMIHUJYNKY
SXDGSXECKUEWVLHKQLBFNKZNSXDIMIHCYTCETSG
UYSDUYSUYSDUYSDUYSDUYSDUYSDUYSDUYSDUYSD
SNQMNSNQORRQPSNTPTQQMPSTQMNTQQPSNTQRRTP
LLKEFFFNMMNJIIJQRQQHGHGBABAPOOODDDCBABA
QTTDPMVDPMVCNKGKGDPTOCAXUHJCMOXTOCAQTTO
LKEXNYTMKZWRDAISOQISSRGCBHCVDEGIMTOEGVM
CFRKEFANAAEDCFRNMRBIFENRBEFRBEFAELDQIFE
SSLULSKKMROUUMKJLRUSLLOKUOJKPKSKKIKOLIK
NSDJNFNHOSSDJKAPENFSSNSOIMOMOHOKAPEEDOI
NIQCNOKHYINEJTWONRLHEXXUDJVRZSFTHFRMJNT
DODKJPQALPKCSKQNWPDVSYIYHBXOMRJDODKOHBK
KJKNROMUJQSSTPKTQPOJPLULONLLTQPRPMKQLTM
RTHFPRRNMLJGRRTHFRMJVMLQQJVRNQQRMPRJGOI
GYCWZKITBKISUAJLBHJCIBRDBDBFSMHUNJBITXI
LAAMBAACNAARAASTBAAFAAGDAAEJAAKHAAIPAAQ
AYZGMXEUBJBQXXPQLWTCWFLOSZZCWFLWNACEKAI
IJLGMJJGIGGKHLJHHKIKHLJILIJGGGIKJKLJKHL
RKISBNFULXDPUUEVIFGMESIZZLBTTDLZZRTRUEJ
OPPRKQWTMTOPRLPXPMTLPWTWTXLQXWMWTXPXLQX
KTMUVWOAFJHMUNRIIRFPCWOUGSNWFCPVQIMEXOF
ONTRWWNYYQRVSWQNMOYTYNOSZPTQPVSTUUVRYNT
XVWUQWTQVUWVTWRWQUNQOYVTURXRZVXNPZQNWQQ
HUYKQXUXKSJIWPTVJJOOOJXTEWEUXMVERYHLPII
ASKLRQUVVAHPMENGEBMGHNWOSCLACMWOOVHOSCL
FFCDDFEBEEFFBDDBFCCFFCBDCEBCCBFBEFBEEEB
RXWVWXTXWVWWVWXVRXWYVMOXTYVNVRXTYVMWXTY
FMBZGMBAGMBCMBZEMBERMBVUMBOCMBMLMBAVMBU
PPOOJIIJLKKAABBGGHHFEFFNMNMRRRRDCDDAABB
ZBYQOWLWSILUUEAEBDKOTNWUSFSVOBPZLAHULDS
OMHCOBRWSSWEKMAVYBEELMMBHJDEOQFFRHVAJFW
BDWKOQDBMVKHRAPAPAVMVWLFHILLJRMEBDAZIJT
TEPBKMSMWCOOUATJSXSLTQOSPNPSBXLPADHOFMM
TKVQAERWHYJCLBMCQFEHWHYQZCHVCGICTJSLMPD
TBOIBEBYUNSJYHBMUMYKRWYHXYQUFJFPAJYCJXT
NPINMNPINPLMJPLLKMNJNLIJNLILIMJJPLOJPLO
BOMGSGBZZNLEFMZLJQXBGYPBOMGWSLCBCGWSLXL
LGJGMNLMDEGLGKKNLGKDEGKMKCMGKKCKHLGMDEG
RSQQSSSQSSSRSQSSSRQRQSSSRQQRRQSQSSSSQSS
PHMCESSGKRPHHMLESSGIHHMMCIHIKDQBGLLHMCI
WVUVTTWWSSSUVTXXTSVSTWXUWSUUXXTVUUUXVSU
KZACEQIUBSMRTEJOWBDYLNZXCPRGTQTFRQWOXRX
YBKDKLBAVFOWDLMIRXPEWQWTCKEPYSTOFJIMJQY
OHMJLPPQMHLQPQPOMJLKLQGJMILPONNGJOHNNMH
MRNUVMRNNUVSNQNNUTTVONPSPPVTTNNTKKSPPVK
HJBIJEIJBKEJGEDJHIBDBDJICIDEGAJFAEHDIDJ
TPBLJJLBDJPRRCRQDHGQOBLCIDPMHCOQOBLDKKP
DBMFRAQQUHVIKGZBLLVPUZGHWIVHRDVWUYPKGXV
RTTUQTOQRUQRQSPUORTUPOOSUTOOSOQTPTRPTQQ
ZIVYQFFMLEIJABUEIZYPESAEXWALLURWZHMWHNS
CSKPGKMMSDCHGIGKCICRJCDCDSCCCCIIEPHDCSK
KIRSTKHPSTKIFNNKKIRNNRJNNRJIFNNIGMIEENO
ANJSAUSJSAUIANJAUSJMLIAUSJCEMLINJSALIAN
CRFZKQINBTMKJBTPZLHFTJATJATDFWZSPBYTGOE
LOOJQJLLQQMPIMIMLPQJKQPINQJJNKLMJNMQOIM
GJIHJGGGHKJIJJKIIJJHKJFJKGHKIGIKIGIGHJG
GSIMCFQYUQSWALZQGHGHPLYYUKWBQLRGPEIHGFQ
SXDYWKHNDGEKHNIHYAQWFKMPKKHTLMECEUOZUWP
TTJSPLEXDFWTDYMFBEEMJTGIFZROQJBMJTGNYTJ
MFVPXLPZWNFASAXWJTYRNFAMSUBECBQXPXQJDSD
ELFAHJXCOQFNDQSGXXFIJBJXLIUHMEZYUVJXFIG
ILJKKKNMJNMLKKMNOJLLNLHMJKLJNNNHOHNNLJL
RBIZSNCXHBOWGZOOSAKDSAGOSAKKPUKNFCKRLNZ
KANYWGFUHREZBWGBWGFBWGFHPNWJYHRPHPNBWGF
GHHHHEFEGIIGHHHIFIEIFGFHEFIEGIIFIEGIIIF
GGGEKKJHFHIKFFHJJJIKKFJJHGGIIHKIJHKFHGK
GMHHLOZZLNYUXTRTRZLKOFQOZIWFQIGIGGMNYKO
ATOGTJBRTJBRLRWTFRBOXIHZOFQBOLUIEUEKMPX
CLRMQEFDQGCSODDLLDJFNPOGMHFFNJRJRQGRNOS
MELHPUYMIJONQUXEVEFUUUIEMTPFTTXXLXEXJTE
LFHJBHTDBGLTBIJOZBOSIDDVNAYMFHERLEILYRL
EIDTHHFSKDVAINTVVEMCVVELUOOLEYJGTTKLZCL
HUMOUEWQPTCGJQQLFUKKVFFFXQTEOHULFUKQTJC
CFIGJDCFIGNDCFIIGNJMDFJMMDFIMMDDFJDFJDC
AMAQEGGHNNDEEUJGDKNTOQEJJPAJTDBBETHDGRT
IMOPKSMRMKROUIQLKMOMOPRIQITOPKLLKPOSSRS
HSDUKMIMSVLWUVERASDTYGFZCNZHMWCPSEITYGF
JVZRHLJIVMKZQSWFHWHPMRGJOVMPHDGXUAVYHGG
NOHKLKIPNLLONKHLMNKIHLOPJLLHHKPLMPMKLMP
PEELEEMVEEWHEEIREESNEEOXEFEFEEGTEEUJEEK
SEHDLEHXNEHNTEHXLEHSWEHKESEJEHZMEHNKEHK
TQWWXROROPQTOWXOWXRQUTQXROPOPQUPQUTUTQW
OKPLQPXTLIIZQNWMLPQIYTUNMLPJPZXQQIITVUK
RGTMSHRGQHGTMHMHGPOKSOLHLKSOLRRHMHLRRGQ
WXYZZXXXZXWWWZXXYZZXWXZXWXYZZXXWYXWZZXX
WOGMBZFKTONNPAULTAECTBZQWVLOOQDOCCFLERX
JXLXUHHHHLFHLFLLFLJXLXFFLJXLXFMUHHLLJXL
LQMBBVKHHXXDXSQYZLANVUCINGHWBVEIDXSZVIL
DAARAASPAAQLAAMTBAAFAAGNAAOBAACHAAIJAAK
GHJGHJHJIIIHJHJHLMIIMIGMGGJHGILLGILJMJI
UDGTIOUHKPBQRWPIGFVWWQFOSXLUCATILGVHYUC
FCJGGFEJHDHEHHIIJBJHFJEJBFFEBBHBFFGGFIJ
PCCTCCUNCCOFCCGDCCEDCCELCCMJCCKHCCIRCCS
FEEHGHGAABBAABBCCCDLLLLQRRRJIJJMNMMOOPO
XOAGOAUKOACSOACLOANXGOATOAOBOAHKOAEIOAQ
NXTVFISFEHTTNWNHHGFNLOXSRFFXOIHJGFNFPKO
LSPSODMEUNPSEUNLSPSDCSOUFKVUGLLKUGLPLGE
MDSRLJEGTKFEGMDIGNRDNLJSRGTKFHONREKHOIG
NMQUAWIZBORWOLEAWIZIYBQOJKBKTRYDQREXECK
GMSITTGVWZGANHZTIVSZAOGRVWZZOKEWLLNGBSM
QFFMFFNSFFTIFFJKFFLWFFXGFFHGFFHUFFVOFFP
YJJWJJXMJJNOJJPKJJLSJJTUJJVAJJBCJKJQJJR
XZVGJQIKZXZNMJQQIKZMJQIIKZXXNMJZXZVZVGL
EIHHDGGCDIGIFGEFFIHIIIHICIGFIFGEFDCEHEE
LKLQRRRPPOOCDDDBAAASTBAGHHGEFEENNNMJJII
DGQTLDGRGTLFGRGJSFGSDJSKSSDULVKQHOGVKKS
XZWWOWSSTYQTYQQZQQZZOXUXQUVQZXQXOUZQRVU
QYUWYUWOLQYUNVILLQYVILLNNVIILLQRGNNGNNV
RAFMHXAUOVQZOUPFNZAOYYTSGUNLFZAMAHEHFZO
SYTHJYSIRUSIWXYYFZDSHPIDIWKDDLMMDEDELMI
TOPVPOOORSPRTVQWPVRWSQWQRROTXVWPRVQORWT
FMJKLFBAKJFGKIAFMHHHEGAKMKGBACKACBKAIHA
TTSABAAIJIIOOPPNNMNLLLLGHHHCCDDEFEERQRR
OULWRRNMLOUSLMLJSWRLWJSLWLWJQULTQJQULSL
FCQILEBNQWWBKKIETMZJHUQIHPMQTFNHPMQOECI
KPAIUAIAAINPAIQDAILPAIDUAIMTAIFWAIGFAIB
TCCUHCCLCCMJCCKDCCENCCOPCCQRCCSFCCGVDCC
IMHJOHGLHJWWKJRUIOSMNIMNOHGIOSMMHJWHGLN
NMNNLKLLIIJJOOOOABAEEEFRQQRTSTACCCDHGHH
FTFSUPOVMFTFSNSMLXWXWWTPNVMOVYHNSUPWTPN
QEVPNNFRQKNDOQLKSIOUGNGXQTTFIEHGXEMTRFU
HKTOCKTRKKTEGKTZYKTPKTPXKTVKKTNCKTRCKTT
FSGYTGJENIJGJEYBWVQAIZWDMZEAGWPZUONVQUE
EITUENSNJZUOGWJGCCFNSPIBBRPZUPLBRVOAQRB
JIIPOOOTSBAHGHHDCDDBABANMNMQQRRKLKKEEEF
GIIGKHFJGIIHFKHKHIIIIGKKHFKFKHIIGKHHIIJ
EEEEEEEEEEEEEEEEEEEEEEEEEEEEEEEEEEEEEEE
KPMDENPCHNKIGHKPCHNSIJJMDROJJFLFLGHROEN
TFWORIDDTHUNWSNOYHPIGVNKXSUUNWSRRJSWHYP
HOPBVWHMZZNFAIIHFGRKVXNITMXBSQAEYTXXBVW
SNSJPNPPSNSMPNPKMPNPPSNKQOKOKMPNPPSQOKM
EIOMDLJLDMMHGEFKIHOEJOOHIINOMEMEMOIDLKL
JXHTPMGPMGMGMINNGWVXHTPMINGHTPMMGMIINGW
SSSABABJJJIDCCCHGHHRRQRNMMMOPOOFFEFKLKK
ZYYTZIMHBDAOKMRQNNKKPRIJNMZXDPNQNNKKQSP
IKNTJPFHSLUJPFHPFHSNTJPGKIKKIKNKNTJFHSL
MNJXOZOLPRLRHGHFBFVHPECKUNFPAEMKUNFGPJD
EIMDLVWIMDLVWGEIDZRMDLVEIDZLVWGGEIDWGEI
IPJTJWDHMXEBJYJDNEWMSOEOMSOKGZNLDNJIBNQ
NNNPOOPIJJJAABBSSSAEFEEGGHHKKKLCDDDQQRQ
POMBLSOUCUKYPSNWVERYFCCINJUYFCCLGDOJTDS
KLLNPKNLJPKIIKLLNLLIILJPKOKOKNPLLIKIKII
KKLNNMMGHHGABBBRRRQABBBEEFEJIJICCCCOPPP
NUSTBRDRVQWDHCIECINDERVUADAUZYJMLZHRSUD
QXCEVTNDJLKYJXKWUKITVXVXVRQCEUZWRCXSSIM
MGAKNHAGAKNNHAKBBMGAKBOAKNHHAKBBMGAKBOA
NBKQENBCSOBOIHHFERQFHFOBLGFQBGQQQLNBSDF
EQJNMQIIEQJJNMQMQISJREIQJNMEIEQREIECJRE
BAVNTNXURZACZGTJNCOHYJZXOBTTPNWMUBNYJZP
OMFOEKKPHEMFHEJLMFOIOKMLIPLHHHHIIKELIKK
HIHGEPLSAHJBIWEADNGFBOMUEFBLJQYUCXCCEIE
OHHPWHHXAHHIHHJUHHVSHHTMHHNYHHZKHHLQHHR
MQOUETULETQMJJRMJJRRTQMTPUFETQFTQMQRTQM
JUNQXCPFJKEMTHEUFBQZIWNDZOXOWNLMQDNFUFB
WXRAGFQZATRPNCIPSYNTKXXVPNVSYNASHNBJLNC
HBCBMHHLEJBFBFCBBEFMJGGNGHHCFHMGBHNGIEG
BCBFEEEEFDDBFBAEAEECEEFDEAAEAADFDAAEAAA
HLIBIHAZCTZQQVOHAZAMUGUHKLGTKGHWNOZELZN
JUWSWAPUKDTQDWWAJHJVAQMYCUKXPCWPDGVBFPX
EEFFSSAAABAHHGGNMMNPPPPQRRRKLKLJIIICCCD
NHHQGMQDWRSEHTJUDJYYPRJRMRKHZIJUNBUHQPK
PUFJEWNFCUEXGBYANYLZVBTNCBMXGBYKIQJIRBN
WTNFNRQHGPTVKNJCQGOWFSHOWCQPWKWNFLRGEPE
QOQPPOOQPQPOOPOQPPQQPPOQQOQOOPQOQQOOOPQ
AGPOGPMAGPOQGPGZGPAXGPMGGPGQGPSMGPOTGPH
ABAABAADCCDLKKLJIJIGHHHNNNMRRQRFEFEPPOP
ELJMFJFIMDBGHLICFJDBJFCICHEBKDIDAIBBHDG
HJUSIRJCIUTGDSULIHCURTSJTBHNNJLTJOGSINO
OATCLMRLBCBDKUDNCLMIOAMYHUTMJBFBCRZMDVG
DWNKBUFTKRDJMUOJMUOKWUQNTGESWJDXJVCUYZP
PBHVKRYDSPRIPUBCHQGKUCHQTKKYXSQJPABEOVY
ERYTZXPRYDVFMEMCCBASFLSDVQTEUIULCYLGOEU
KHLKZOWUBWDJHFIZHRFRQGSZUQUVRAFRRZURNBN
DCDDHHGGOPPOABBABBAIJJJQQRQMNMMEFEELLKL
TOUUUPMPMMMMMTMMPSTNQMPTMUVSTROROPUPUTO
QCIHRAAMWFPXWXSVEZBNIETEDMGYCKWIJEPYCSI
XGHJMIMQVAYKHVQFNXIWDRDFYOJMBXTHQKHOKJX
CLDLHBCIIGEFDDHBGLJJJJIEHBLCIIKHLLBLBHC
BHCCFGBEGHGBGHGGEGHHCDBBBHHCBGEGGFCHGFE
SSSABAAKKKLRRRQEEFEMNMNOOOOCDDCIJIIHGGG
LKKLEEEFHHHGCCCCOPPOIIIINMNNABAABAARQQR
NNMTNNOSOTUOOKMUOLSMKTOUKPRMTKUORUMVOTN
NJOMMJKLIKGGNQONNJOJOMMIGNNHSIHNPHKIHJR
BHEEHEAGGAFBDHFAEFGGDACCFHGFFGHFDGBGDGB
TTAEFEEPPOOHHGHQRQQJJJJNNMMABABCCDCLLLK
RQTRSRULLUNNLTTTRPOSRURLUNLLTTRLOORRPSQ
RRQHHGGBBAACCCDJIJINNNMPOPOBBAAKKKKEEFF
TTHZGNFIDLIAOKNKGASDPVDDNEHTXYLZGNFNGEU
HCCFCCGDCCENCCOTCCURCCSDCCEJCCKPCCQLCCM
GQNYTRGHYULIGQNRGJHTRGJGJHYNYTRJHYUQNYT
GKGNGIHIHJMJNMJJMKKNNGIGNMMIGMKHJMKIGMK
BEAHEMHHFIEBJLDFEAEDAKAFCGAFCGALJDFAJFB
JDIFKAEDHCFEAEHHBHJLCFDGGMLEKCGFEEBKBFE
VSSXSSYTSSUHSSILSTSBSSCZSSADSSEJSSKFSSG
NDBDEFNINZCMOMHLJHPWBPFIJKDSWINVIPESFRT
BFCTNMQIAXDEQXNCKEQXPTJKUVPFZSQMBNQRQYW
RZEARNGWSLIBIWWMMZSJTTILIBMCMPEILYBFSJF
UJJVSJJTQJJMJJNOJJPKJJLKJJLAJJBYJJZWJJX
JIIIHIIHJHJHIHIIHIIIIHIIHHJIJHHIJHJHIII
HPNVSXDJZSEYNWXOWOUQYHWIIWSOIUVRZHJIWJZ
NAVDAVTRAVZTAVGWAVTAAVUDAVOBAVWIRAVIAVB
EVOWIDXQHLQFVXRFQNBTIHEOUMTROUMPJTRZHQB
VIVLPNTMPDJNINOIUJQUPUJGHTWGHTWNWWKANSH
XSRPQNGPYGJYGJPGJPQJPQNSRPYNGPOQNGPRPYG
QQUOUQNUOTTNTSQNUQQSSVTTTSSVTNTSQQTRNUQ
OFHAVQIVEKNPFUBWRPFYDOZUQEYIKETUBTVLQRB
PXVVVVATVVUZVVOXVVPHVVLGVVGPVVYPVVMVVVK
BLPBGDKTYOTROBLKBYXYXBGDKTYVWJPJPROOTVW
FCCVCDCTCCUHCCIRCCSJCCKPCCQLCCMNCCODCCE
GHHFEFFCCDDLKLLPOOPSTBABAAAIJIJMMNMQRQQ
UVLFTGQQUFYTQUFUFYVVLFTTGQTQTQULFTGGQTQ
BBAMMNNBBAARQRRDDCDHHHGEEFFJJIJPPOPKLLK
RTTWRTTPJQQRTTWUVHSSHRSHSHRXUVHHFPTSXXU
XRMMDURGMSBKKIXQYAHONAQGUWTOCAGUUMVMKZC
HCQVJPNSONUXINVUAVTBCFJHONUENJJFNGAEVXH
LVCLCFSMIFJQOERBUQTFXFYWKYMKONEWIALUHWS
KAFLAFRKAFRZAFYEAFPTAFOOAFGYAFLQAFRYAFL
QTOTOKQTOTSRTOKSURTTSURKQTOOKQTOTSUURTO
XSNFVNDFOBORESYYMOPBNUVIPLYSYYJBYDAXFKG
JPJFMORCLKTOTOXNMMFFSEHICNCECMXZFKTWRSW
TWNRUUQNMVWUUQWTWNRNMSUNNMVWSWWVOPNRUUQ
GQSCJRJDEJZFZMFYLERYHAMLFNSEJZUQTOFNUXQ
SLLKONSTKMKKKPRXKKMKQOQMYWXXMNKRYTXQTPM
BKNYEXKCROIEHYKAOGLSLJKJDVUQDEOGHYKMBVB
PYJJXESLGYFOJHGYAMVFVLGFZOXXIVLIEUOMFEE
DFHEDEIDIEJGFGDJEGDEEEJGEGFFGDIDIEJFHGE
IQUWXFHXFHLEVJIUWXFFHLZJIQUVJIQQUWXYEVJ
UFFIFFJQFFRYFGFWFFXKFFLGFFHSFFTOFFPMFFN
EFCABACCEAECDCFFABDDFDAAEACABFADFCCCAFD
XAOBXADNOAWFFQSHJQFYGSGXADNSBHZPIDYAVCO
XPHNJXSGIQSMLVQXSGTJKRWUGRIHSTMWPNTUQNJ
XYPOXUEHGOXPOWXUEDZMRHGCPMEMEMRSXXYWXCP
KQKVPLPRKJWINKKKQKVUHHVKMFOKGNHQHNKWSFG
OPTGTQZXMMVYYFJFNVWOHZUTGZEPWWFDJVRQLTO
XUMSKLMQDUKMGQDUKPCMJWHPCUEUEKLWHXUFDMG
FCCGTCCPCCQJCCKHCCIDCCEVCCDLCCMRCCSNCCO
SQVQUVSRSQVVSVXXRSQSVXXXXRSXQUVUVSVVXXR
FCYTYTWLHXLQMXVWMNWGMWDHIYWRPIBUPJOHAFU
CEEFFEDDDFCDDDDDCEFDEFFFEDDFEDDCCCDDDCF
RQRRIJIIGHGGLLKKPOPPAAAAAAANNMNEFFFCCDD
EMWCAXNBOIXSZEQKBOPTGXILYOBNYWIQJWWAXNB
LNWWVSTNWKTUGLNTHRTTSTFUGLNGLNWRGNURTST
IIJCCDDNMNMRRQRGGGHPOOPABABFEEEKLLLABAB
VYZVXUYUZSSSVYZWZUZYZVXZSSVZUZSZVXUSSVY
QCXSVOOBUVOFEMOVEOGISVEMOQCOGFEXSNSOBIS
PLJPOKPPPLMMKLNKPMMMMMKJNOMLNPPLMPLJPJN
TQIPOQKLAJWUGEBZIOXKPXBLKITUUUQIFALPWBH
ZQRIMHLOOMBGCDAHCQOGVLNUOMBENHYOOMBYRLP
QLQNVNWWSRSJKJXLJPUSSTQSUQULTXVLLSVKPSR
KKLLLKKKKLKKLKLKKKKKKKKKKLKLKLLLLLKKKKL
RQRMMNMOPOODCCCHHHGLKKKBBABFEEETSTBIJII
BMMPMMQNMMODMMEVMMWZMMAXMMYNMMOTMMURMMS
TPTRMTNSQKTTQPNLNKSTRTLLPKTNTKTQPSLNMRT
QRUTRQWRQRQRRRQSRVTRQQSVTQRUTRRUUSRQSRQ
FIATKAAOVZMRWYTRYPXGZSYSDSPXFQDLAWZHXEM
MCPVGCPMECPKICPVDCPGCPSXCPQICPGBCPLICPV
CDDDJIJJNNNMLKKKOOPPTTTBAABRRQQGHHHEEEF
RMMSFMMNMMODMMEVMMWPMMQTMMUZMMABMMCXMMY
QIYZIYBQIYNSIYUYINIHIYOJIYLNIYFNIYYIIYP
AMOUTAMHTZNQICJMDOYWYKQWLJCTQTUDJTEVKHS
TMVUJKBTIWIECJKWDTBHOBKXUMPMTISPZNMIRXI
YYQSOLPWROLPIYNNHXSUQQOMZWRZIXDUTHSQWHV
CCDCRRQQNMNNSABABAAIJJJGGHGFEFFOPOOKLKL
FGGHHGEFEHGEHGGFGIHGIHGFGGFHGEEIHGHGFFH
FKNLKNLSKNDPKNFDKNRXKNBFKNQHKNJXKNPQKNU
CCCDOPOOFEEFGGHGJJJJMNMMLKKKTTBBBAARQRQ
JEVQCAIUKRGIBSIPTHSRGFXJFAEZHGCCXTXNHDR
CZBVNAPQNAPFFXCMDOMCZFEAGWHNXKPAPEKANDM
TWRTQVWSZTWRSRPZPRVVZPOXRWYOWUPQYVZNZWQ
HHHOOOPQRQRDCDCAAAALKKKIIIINMMMTTTAFEFE
IIFMJXOSXYMHYEYDVTGYYXQGDFYJJYRFLFCCJEX
CBBUCBBQBBRIBBJEBBFGBBHSBBTMBBNOBBPKBBL
XUAALUAZUAUOUARXUAGRUAOTUADKUAGCUAUFUAU
OGLMNEKPIEMBEPMAKPGDFLOLLJAPHGFCEIMLAKI
QUNQPMHAQOSUIXSFDFQTKRYWQUNPBKEIFZVCAAB
NLMLMLNPMNLQPMNMNLMNPMNOQPMPMNPMNPMMLNP
CCCCTABABABLLKLOPOPNNMNEEEEIJIIHGHHQQQR
UPKBIDDTWQVRMFEHJXQHYHFCAUBPTWQWUFUBLET
GHLKLGPGIIIFMGPDIDNMGPDNLHIDEOFIFDEDEGG
IAFOIISPBYMATXFWASBDPLAIQTKCMKPAMVMEFDP
JGNBGTKRPOFJNKGOBJNQSOBOFGGCLLQLSBJOFGG
LLKLSSSABAAPPOOQQRRHHGGIIJIMMMMFEEECCDC
XJCOMTMBRYQZPSJNDDQOMMWXJCORTSKUZIAVRBL
UVSVRTVRTRSWSVSTVTURSRRRRWSSVVRVSUVTUTV
CSNMJLOEXPTRBPLFICVIBRCNEXPJCWBKPDFBOSP
RAASHAAILAAMNAAOTAABAACFAAGJAAKPAAQDAAE
UTEBSUNEPSAWPXBKPSAWCSDWQSEIQOVRCMXNAKY
VIHXJKIEGZJLNATZNDCOBVLNWMAGGDBMDVGTQHS
SYOVHYHYYOWWYOEHYOERYOIUYOVHYOJUYOFJYOD
VVGECPFLXDLGECGCGLXOXECJEHIDLXEXEJEHIOX
FKGKHJHHJJGGGHHIGGHGIHGHIKGFFJFHHIFGJII
OBBQBBREBBFKBBLIBBJMBBNSBBTCBBDGBBHCBBD
EFFPPPPSBBADDDDMNNMKLLKRRQQBBAAHHGHJIJI
RPLUQTWQOWNMXQTLWUNLTMSPNVQWQTRWQTRPNVQ
JRNOSMNLOIJKTRNNJJJPRINMPNLNQOPNTTKKLSK
UGLVUUQBEAKQPVHOBDENTJCHJXDNQPVTFXLZTMH
PEVGMSRVSCEHLWSOAMOUKAPNOJZKZGFVSCEYUQD
PNLMNLPLPONLNPOOLMMNMNMLNLPMPOOOMMLMONL
YIBAXWGRFZEZTVQZTPVNCDSWGRCBZEHOKATLGFE
UBBCBBDSBBTOBBPGBBHEBBFQBBRIBBJKBBLMBBN
RGUJMUPRMGOINRPHPRUUJRMRUINRPRGGOJMUPMP
RQPRQQQPRQSPPRRQSRQTPSTQPRQRRQPSTSSQQTP
MHHGOJPJGEOLLFKHGLJGFLOOEEIJNFIOPFHHOOL
QRRURSQVRSURTVRRUQURRRRUURUUUTUUQTUURUV
GBCGABBAGABGGFGBFGGFBEDFBEDGBCGDFBDGBGG
KKBMHFMKRHIMSTKXUEKEBDXKMXLLCWNDIFKIQID
SSVSSTTTUSTSUSVSVVSSVVSSTTSSUVSTTTSSVUS
KMLLMLLMMLDAMLLTMLZXMLRUMLBRMLLCMLSVMLT
KZGVMTWBCUAZNYHBTMRSINLUCTEUAKLMLPCBSMR
LMSSMSQQMSLWMSTMMSRPMSQCMSPYMSDGMSKDMSB
PTQTQSRRNPTRMRNQTQSRRSPMNSSSPORSPMNSSSP
XYVYVWYWYYXXXVWYYXXVYVWYXXVYVYVVWYYXVWX
JHJHIIHJJHJIJJHJJIJJHHIJHJIJJHHIHIIIIJI
POMNIMSRNSUSUNISIPOLVRNOTLVMNRLRLOTMSUJ
STPGKOMRKNSHSQNPOJIMSMHTKKQNNGTQHGPMLIR
HTGPFHTGIDTTGPHQKLGDTFHKLGITFHTLGIDIDTF
TQJRLSTGTISSSKKUUVTKRQMQPVGFNSOMIRUTJQF
HLINMLIJNNHMINMMJKLKHMJLIJNKLMIHJKHINHJ
JLKROYPTXROSUMIKRKOLORLMILOXTTXKOXTYPSU
KFFUFFVSFFTQFFRWFFXYFGFMFFNOFFPGFFHIFFJ
CWCLFELWHRCXUMHHUOXTEONXTIWLQSNNRRXHOVT
NFJNGFJOFJBBFJPZFJRDFJNZFJZKFJVZFJTYFJX
JYCRXILZTCGVDEIDVZQHLSKTCGHOBLFSSLICMIJ
ADUROJNBPZQPZQPLEFAOGLHDAGTDPSITGZOGZFG
IHIJFCICIAADIHIHJFCIAADIHJFFCIAAADIADIH
CBBMBBNUCBBGBBHSBBTQBBRIBBJKBBLEBBFOBBP
MNROGBRMTPLSGGBPLSGBRMNLSGGRMNRNROFGGBR
TQUMJFGRNXNVNKYYFKQQYLRMYHJNHITXMRVJQYX
KIPOKJQKIJOQNOPHPOKLLJKOQQHPPMQKHIKPINL
FFFDDDCPOOPTBBALLKKGHGHJJJIBBABQRQQMNNM
TTTMPTTHRTTXTTUDTTMRTTRRTTDCTTULTTVCTTU
DQUWFQUFRQUNQUFZQUDPQUWSQUWRQUCHQUQNQUL
EJZLKZMDQUJYRMWFFRUZXZTMHLZEJIIZTKVPQUG
VDEAWLHTVDELHQGHQGWGWLHQGWLDEABHTVDLHTV
FATAHLBDQHEATDALRJPTUJPUEQTZHWLHLBDMLTO
LKKLNNNNOPPPFEFEDCCCBABBABBQQRQIIJIGGGG
BFHCIHBHBFHBGFCHDDBGFCIFCIHDBGFIHBFDDBG
OVVTLTEEZYBSKBYSKBYJKVOOADGSPHDFXCODSVN
MLLQLLRCLLDYLLZSLLTOLLPULLVWLLXELMLALLB
HKJJLGJKIGIFLFFIIHIJIJGFIGHGGJKILHFHKII
OMVNLMVDMVYKMVCSMVJXMVEXMVMRMVXQMVXSMVJ
MYYIAYYDYTYWYYSHYYBHYYJTYYXFYYENYYYDYYD
PBPKUDNHRERDUZAROAEOFDYBOFDPAFXFYPBSKAC
NMOONMOMPPNOMONMMPPPOPNMMMMMMNMOONNNPOP
LJOHMOLPNOLJRQMRQMRQMQIOHRQMRPNOLJRQIMO
SSKHKOPPVNLWBWUJCUWSQGBUIKYROOSYCIRLPCS
NNQSRLPPPNNNQSPPPPPPNNQLPPPPPPNLSRLRLPP
UDDDRHKSKDBTKTCJVNUKVFSBNUTQCVJCTMNNTBJ
KNPCSEYPGUQCNJIWFTCVPFFFSNJGASHXDVYSJJG
AAABPPPORQQQDDDFEEEMMMNHHGHTTSALKKKIJJI
ZEGZIOAAWLQMLOFKIWSQZEGAFUDIRODPFTKPHXT
RTUSWUSUSRTQVSWUSQUWRQQSTRVVUWRQQSTQUVU
IBBMBBNCBBDEBBFGBBHOBBPUBBCQBBRSBBTKBBL
PNNTOLRPNTMNOKPKPRSMNOLRSPNRLNOKOQORPKO
LLQTOKQQPNNSQLLQWVUKQSUTWTONOLQUTOTOMSK
SLYWIGIHSPGVVNHYTQMDEKUDQGGHDDPTNUQOHSP
VKKDLKKBKKCXKKYRKKSTKKUNKKOLKKMZKKAPKKQ
LYUAGYUFYUUQYUWPYUQMYUTUYUKGYUQTYUMEYUE
ETHTVSEXEYJCERVKDCPEPAUERVKGXKMRJLVDNNO
WLLXCLLDMLLNQLLULLVOLLPSLLTALLBMLLNYLLZ
DMUDZMRJFRDARDLERYJRYGEJVVEJIDZLLCJESHA
QRQQFFFFJIIJOPPOCCDCSSSBBAANNMMLKKLHHGH
CEEDGDGEDECEEEGGDGCEGEDCEEDEECGDDEECGFC
BWIJUEMVTACWFDLYNLTIUFKFUQDLPPDZPUTBWIJ
QGWXGWSIGWFBGWHJGWCIGWNUGWPBGWGHGWTCGWC
WSRIQNTBMKTITSWSOGUQDLRYODJVJZIXCHYOQFV
SRUSTUTUSSTTUTXSVXWRTUSXSUUTTRRXRTSWWXX
RGXHENPSMWBERISWLBJQYMFGGKLWPXMLLHNDTCC
FWMLQRBRKGCYOQBBMBROQBRXHUZKFUDUAXEZRUR
QQQIIIJHGGGBBBALLKLPOOOEFFEDCDCMNMMTTBB
CJIEPPGFQIOHPJKCJIEQIOHPJPPPCJIIEHKMHPJ
EMPYHMPZPMPEDMPLMPMHMPYXMPIKMPVTMPADMPK
QZSTBSZQLKPDIQJXVTPXDYCRAVKRDCVFDBVFDBV
FHHDEHHKLFMLJJJKHICIJHJFIIMGJFLEFHKIIMF
VDXVCITVRRKSMKEMYHYCYPHPUDLIRNKARRKQWSI
LFUAJFUWRFUVDFUQGFULFUSLFUYDFUBFFUWXFUF
IFEDQLKIHRELKIFRLGUUOSJUOSJFEDCLGUORELT
QRTUSIFFFGCCBQBQFGQFHPOBLLFHVJOQANHOTQQ
SAAHGGGAABBPOPPDDCCNNNNJIJJRRQQEEFELLLK
DCVKIDHBJHJLSMFSKGOVSBUOGKSTIUJQAGGFFNJ
UEQQSEQIEQIWEQXSEQRAEQZHEQAPEQFYEQDVEQO
WWQEMQZSXPYHDJKKKXYYIFWNYCYRBXBCGJKJQVR
FQSQFIFNQPKFUVINQPKIVKTRRGRLDJDRJRVORRD
VLHZYQJJVGNLDCHMSAYRRGTVXQMVRGTFADXSLGQ
YUSWQVYYZWRTQZXVTRWZZZVXRWWWZRZRSPYWVYZ
IIIQQQRFEEEHGHHMMNMBBBALLKLTSSBPPPPCDDC
IMIGUTRUGCTAGSGSGCRCTUTCRFQRUIMFQUGIGWE
LKMJONBBLEJKMJJILKMONBLJJONMJJOLEJENBLE
GBBQBBRCBBDOBBPSBBTUBBCIBBJEBBFKBBLMBBN
JWOKNPXTVNTWENJGRCUFLPQTCZPNUPLXMFWECRJ
NMTOSONFVHNMTOWSPFQXTIPLETTWSPFNFVHPLSO
HAGNBQGFCUPSQCBMKMXSRQOFFCUQVECGDKFGQEZ
SSUFSUARSURBSUPXSUUASUMASASHSUUISUKFSUB
EULSTHTTUTVXDMWWMBCDLNJPBZDJKZEVZUXCLMI
XTRSYRXTTQYQYRXTTTQTQYRRXTRXYTTVXYTYTTT
LAAMTAABAACRAASHAAIFAAGJAAKPAAQDAAENAAO
PXTWIXTBPXTWHXTHXTXUXTFSXTESXTRMXTVEXTU
BDXWBDXWKHNLFRQQWYOZIOMTJXYQLFJAZRZNVZL
OLNKNOOOONMLJNJOOLJNJKMNKKNNMMKKMOLMKKK
BBBCDDDIIIJFFFELLLKGGGHTTSBRRRQOPPPNNMM
MMNLKLLEFEFQRRQAABAIJIIDCDCSSAAHHHGPOOP
GNHDWXQNMGNHDKNWXQUUNMGQUNMNHDKXQUNMGNH
SQNNPWOWHQTTKUEENCSVIIEBBMCGOCBCRMWOIFV
BAAFAAGJAAKTABALAAMRAASNAAOPAAQDAAEHAAI
RCPGSHQEJOYAIYMEWOGVVPTXTKBLJREMQXXHVFL
DMCFLMCVMCFMMCUOMCBQMCWWMCULMCVVMCUJMCT
MCPTXEDGHLMNHQYUFNMCLRYDDFLYOVULGJGYUGN
JEUVQUPXLARRXCPIFTCZIMEZJGHGRLULDLXMEFP
FQSKFXVKYFPEORYQNFJCSCAQLGLNEZQLGLNRKMH
RKOSRKSQPSSSMRQSKQLOLMRLMQRROQOQRQRPQSQ
JHWSCEVXWHPHWSCEVXWWHPSHPSFVXWHWSCECEVX
KFBBEHGDOIQHMCPINGOIAQKFGDAQHEJPIEHEJMC
HGCADPPOUITWBZYFYFSOAJNRSBPNEIKTRSBJYIM
KOHCOHCONHPDIKOEDIKIKOHPDEDHPDEHCOIDEDI
GFDEDAFGCFGBGAGGGBDGGBEFDEAADCGGBDFGCFG
QGJLJJQGAHBJLPBNBNFPBEEAIJJNFAIEEAHOPNB
XYUYWSYSXVSVYVUWXVWWWYVTXXWUTWTVTYYWSTT
LFUEGLWJUFVJVTTTOWFWEIUUVTJMTQFVKIJFVOM
CGCAREMVFDRFOMCQZAZCJPLZAZNGLOLBDYRGPOB
ECQLFVDDCPFFFPKKIDEZTXOOKTLLUSJHTCNNCHZ
UGCGCGGEHEUCFYBBOWGHTWKBKKGCKZVSQADYRQK
NDJOTQJOTLJQZQEUPQJRRHEPGITYLQQKZOTKGQR
OJGATPHXCBYZYSIDZSYHLYERNGJYVMHIDTLTLDU
CITMFBPZZDZFXQPPJMISRZZBYMQKHXTPTCIKTLX
BAAAPOPNNMMTSBAJJIIQRRRGGGHCDDCKKKKFEEF
MMKIPMKBMKVNMKTLMKTLMKEBMKCXMKTHNMKLMKW
ZXEHEBYGDWWQWJFCBSFKTGFWHACJFABNGUSDPRA
QWYHRAAIFRRWCHSFTFUJCPGYHUIWXECBGKNGBRO
FLOPILKKNMMFJIMMRIFIIHFIQMMKHMNNKHIMLGI
UBPWIUHTOJEIFXKYMHIZVPZGXOKHIUHTYEHMCFI
INLMLMGHPGIINLMPROQGHPGHPGIFJBLINLMGILH
FCLMYAJCLNYGZSJOIPLRSALJVADMTDLGZSJOCGC
NPDMLPMIYVHNHRZNHRZJHPZMLMOHHICKPBMGFXB
TBBEEEENNMMBBAACDDDGHHGQQRQLKKKOOOOIJJJ
ONJPONJNJPGJPGLQLLJLLJPLJPOJPONPGLMIQLL
IPCIRRGPVIGDFJUDIRDTRLPGOFQMSEIQHDDUJVM
RCCLCCMDCCEHCCIVCDCFCCGPCCQNCCOTCCUJCCK
LQPNNQLQLRSPKORSONNLMMSLLPPNOLLMQNLROLM
ATAAKNUFCIHXAEHIGZBNVVLKUHNWCQRCBRFAQXT
PQFFFPQRJILGVRLPQQGTIPQPQFFGQJOFFFPQQGQ
UVYVIVYALVYIOVYKVYOLVYCMVUVPVYTUVYXDVYF
QORPQOQORRPOQPOPOPONQQOOOOROONQRPPQPOOO
SYBDSYBAHPENAUODMJQKFBTOBAWWPDYHXENNOLL
SNQFQFSLGSNKDNLGSNQDNLGPKDNGPKDNLGSNQFS
HUZGRLQDWSBLJHGTGPBTMQGZGXQVJZFPDFOTPRY
CSSBGJLJYDGSGZJFXAAGZJDECXQWKUVAPRPQMMU
YVMAKFZUZPNWPLUTRPSSUUNHVTGYWCVGZIFCUYS
SVGDVGOGVGKXVGMPVGNTVGPIVGLKVGIWVGPNVGW
RPKUHWHOQIIIILHNSOQWHPULHQUPURPQUUHKUUK
HBLENBLOYBLEFBLNBLBHBLEDBLELBLUFBLJGBLO
PROEGPFROECOECKBSEGIPROPFIPFIPRSEGPGPFI
UHTAJDHYNUZBKLLEJZGDXANBKLLFEXCDEKQFPUH
SQSGTQSMWQSXVQSMPQSIDPQSYQSRLQSSLQSYQSL
LUMMMXYYMWTPNXLMUPWTTNPNMWMRYROLPUNWMTR
OGOQUCKMYHOYOGOONAMHAQOWDPGZAHROHEMCNNG
NMRSRRORROLMRSROLPKLPKURSRRROLPONMRSONM
HRPQNFPPONHFMGFHQHROQHLOJFMNHKNJMIIRIJO
QLQMMLPQNKPLQKMLQMNPNQOLNKQKOQOOONOLMPM
FVGQELYPNTFJQESOFVGEKBYYLTKNYMHURIHLMEQ
XBCJIJKTXDMWMEETORAGXDMWXSRAZEDBSFLPNLC
GXYIVDIIOCBEQVAOCBEWQKBRPTHKPUIPQEYBAHM
SXWSVRSVSRSWUYUSTWVZSVWSVRWWVUSSQPSUSRQ
YXUBVNDNQJCITVNMRWAJSHFSEFGDDYDKMEBHUCR
IFFJGFFQFFRYFGFMFFNWFFXUFFVKFFLSFFTOFFP
NRUSUNROQNSNSUNUSQSQNSUUNRUTOOQRUSQOOQN
KKILJMMMIKKJLJMKKKIMMIKKILJJMMIILJKIKKK
JMOINPJREHJTKFRFSQRKPHIFIQFIEEQRNKFJURT
MKLKLKLMLMLLMKLLLMKMLLMLMLLLMLMLKLMKLML
ZIXIBHFXHFXNLOZGETTIHFXNZGQTTINFRHXETTI
IWWRTQFWWRTXIWWIWOKKLXIWRTQOKLXWOKLLXIW
EJEQQOENOLOPDOGEFIEOKDQDHPPGNLELKEDEOIN
PTSTUUNSRRQUPNONTUUSTNPUUTSQSQTOUOUOOPS
ZEOEEOWFEOFPEOTREOXWEOMDEOULEORNEOOVEOU
XVXVTWTXUTSUTXVVTUTXTXUUTVTTSUTXVXVWTXT
ONWIUMNQRRQNNURSJNJKTPVROTLJMKQQOUOLKLK
TOCFYOJZTHUYOJDJVHBIRAAKNFQSPSKVVXDHKRG
UTIMXTIPOTIRWTIOHTIQLTILUTIONTIUTIOYTIS
RUTUTURRURTSTRRRRUTRRURTURRTRRUUSTRURRU
RRRHHHGKKKKOOPPMMNNEFEEBAAACCCCBAAAIJJI
MKPJKPJMHQHPRGOUQPVNQVXLYYJNYGKTSUMGQUU
LLPNQKPLMQQPNNQKMOLQQLLOQKMLPOLOLLMKPLP
NLTUHKESKUFITHEQYNLGQYZOYMQLYTYZSAFMBZC
NMQMLPRRQLRQLRLLRLMMQMLQMLPPRQLLNMQLPRQ
AEVFEEVUAEVJEVDBEVKHEVUIEVQHEVIAEVUJEVD
BHWTURBUPIWZGVLFYDNWQPKCBDJZEVPBXXFRFYW
JNJINJSANJPPNJJZINJFNJQWNJJHNJSBNJKGNJA
ATTBYTTZMTTUTTVKTTLITTJWTTXCTTDETTFGTTH
JSSKBSSCDSSVSSWXSSYFSSGTSSUZSSATSSUHSSI
TABALAAMFAABAACHAAIJAAKPAAQDAAENAAORAAS
YLIAJZMSVIJKOKIJNZWBNLWGIRAEIMKIHJQDXAM
KXWRXWCOXNXNXWELXWZYXWHVXWVFXWLGXWIWXWQ
OJTTJTJTJTZWJTCVJTEVJTESJTXAJTFHJTNGJTL
OOTPHGORUQLJKTQTQLHLHGLLJOOTPJKHRHGORUQ
QRGQUVMMUGSPJQQMWIMPPSSTWKPVGUPSTTRSPRV
LHLJCHLEPPVVVQZSWNDEMNPOPDGURLCUGBUTVHG
IOLNOLNFEIJQKEKKIOLIJQKKEKIXEIJJQKEEKIO
AIXSGPMPCPQLMGMCNTQQRIWNZIVIPELZYGPEMMS
IHIRKTOSWRKIKIHFVIKHTHHHHLUIRSWLUMWTOHT
DQQEFQQGJQQRQQSTQQUHQQIBQQCZQQAVQQWXQQY
DEJFJFLDGIXVMFQHWSVYSXQELSQEIOGJLHMVWVU
JHYWBQHWBQHMSHGFOHVBSIPMOSZIXCVXBLGGFBG
LOGUNWVCMYRXPHSRTYKYHPLOJOWQNQXQGCKPFSR
IBFCQXFEHGGMLOJOPOWDNWRSRHRHGGMYNQDFHLV
LULVCVZEHRBZDFYHHUBDKJHHVRNPFLVUMSFHUBF
OOOUNJWNOULXOOOCJCBJIMXESUPZIBGQKNBFPDC
RGHUMRGHUQFJLIMIMMRMMRGOJLISOJLLIMMGHUQ
XGGYNGGLGGMTGGUHGGIVGGWPGGQZGGHRGGSJGGK
PHQKJDFJGKBJFGPHBJLDGPHQKHMGPHQGPHQGKBJ
JAMJEQXVQZARZYQHFJDRYQHCAVMNFKAWBDBPTQX
FHHFGIIJHHHHGIIIJFJJJGJJHGFIGHJJIFGGEIJ
DEFICIFEICDDGCEHCFDDGGIGHGEFGEDEIFHFHCG
MHLBJOAVMRPWOWGTYOJIMRXORTCEDMCNGAROJDI
TUTTTUTUSUTUTUTUSSTUTTUSTUUTTUUTUSSUSTU
KBBIBBJMBBNSBBTQBBROBBPCBBDEBBFUCBBGBBH
YGPNZOMJLMWYIBMSMPQDGJAOVOQDAEDWWCWPQDX
UJJVKJJLYJJZAJJCJKJQJJROJJPMJJNSJJTWJJX
OMNLOOMNOMMNOLMNOLMNLNOLOMLOLOOMOMLLNOO
MGGTVLJXETFUGFPGFYSSHOMFQUGJIMXTEWUPSOG
HCCPCCQFCCGTCCUDCCEJCCKRCCSNCCODCCELCCM
YKKEZHWUFFMWUXBHYHWNTWVZIXKDJDZXITWVYKK
IGPNPILKZTTJCCMZTTFQNONSSNDWUPXZMVQFDLJ
HISLMMDKPHTGELDUNIJJAIRSGELPBCCGNKINRLN
YXQWKLRWCBFWNWGRXLCNYVSXRHFFXLRFIUTKERS
LBCFZQFBOELDTBQZZAYWPYLOOMATPCOUPFZASBN
PAAQHAANAAOFAAGBAACLAAMBAACRAASDAAEJAAK
UMYXUWIHDIUSSWYSLLSIVHSMIVPSCMMYXGHUPXS
GBLIXAJHJFROYUFYBOXKKKVMLEUNYREBNQZNYRE
SJCBMKTDGORHKIGTKCLEJBSRJTHGNPGHOPEGHHD
VAURPMALHUFIMFQOAIAUFTDMWZZMMOPQSWNQCDK
OJPMFPKPFMNPKPFFPKPKPFMFMNLPMFPHOJPJPMF
TGMSMSVUPUJVUKFKFQOJVETETESESTGQOPFNVPU
IRSVXLOADPARXLUXNCNWXFVHDJHMZGWSLARWXFV
PTRNVMWCTCIUNNOGSCTYCTEGEEYXENAGLGNNRAZ
LPILIJIILMIPKMOMKKJLQJKOKIMNLLKIRLMLRKP
DENONDHFNNFKNEPHOHGJJLJOHIJJOGFGJGIMLIF
EMFVEMFYMFBMMFFNMFPMMFVJMFWWMFEWMFXEMFF
MDQRFSFWCRTATDIIRLLZLFTLDQEPCDXCIFUWCRT
YHHSHHTUHHVMHHNWHHXQHHRKHHLOHHPIHHJAHHI
CJOHCCBJVLCSGJVJOHCLCJOVLCJOHCCGJVLCCBJ
IKWXWOETWXTLJIKJGVSPNOTVSLJOTJGXTPNWXXW
GKLHITGGSMNMKVQYZAZEFDVPLMJNWSCYLUKKVQY
IMIRCRJEKCIKKNDJNENPNOHMPMQOCJKMCGPNRGG
FDDJCJEGJGEDJCDEFJDGDEIICHGDGICIFCICGEG
HOSCFHOSCHHOSCHIIRGGFHOTGIIGIIRRGFHIRGF
NCERJAIPMHVGFMMSVTRVSZMFDMXGJXGIVQCFHDR
QDDRODDEDDFKDDLGDDHSDDTUDDVIDDJMDDNWEDD
LPXWJQLPXWXSNXQJQLPQTWJXQTWTWJQQLPXNXQT
RIIXIIYPIIQJIIKZIIANIIOTIIUVIIWBIIJLIIM
EDDODDPUDDVKDDLIDDJQDDRMDDNGDDHSDDTWDED
TPSONRNSONRRRTPTPSOOMNPPSRRNSTOOMNPNRNT
CQCSMXKOIETMBFIGTTCBNRWRLVNWWWUOVYVVNSR
TQOJKNINSQTLNSQOJKNQOJKQTTQTTQOKNIISQTT
KJQWRJSPGQIQIGUNNONGUNNJSKJONSOSOHRHRWR
EFENNMNKLLKOPOPDCDCQRQRAAAAJIJJHGGHSTSA
ILMEWBBWAFOMRBONSPVPTLWHRZLKCJDSKCJHPVF
DTHZPTHJOTLTTHPRTHFDTHKUTHNRTHCKTHTLTHQ
IDJJHLKEEDJHFLIIHGIFLDHKFEIGIKHIJMGHHHE
VVHSDDEKGVVBDOFLBSDGTBDDEKGOFORORLBBCGT
RPWQRPWHIGFPWQNSXHIWQNOIGFQFQRPXHIGGFQR
UDQUOLUFYPFSKARMMWFYZGUDQUZIEDCBWNAJWKQ
RJKNEIMOVRXUQLIDRSXQPLHTGSCEMQPELYIZPHB
CADDFDCBADFDBABCBADBDDBBEEDBBABAEFBFDAC
DFPCVPUVRPAYJQFVKGNSLVGTGGCJQEYJQEYEUID
CTTKTTLETTFATTBUTTVYTTZGTTHWTTXITTJMTUT
YHVVMTQFKSWNOYVDIMGNNOYOWZINOJSKPJUAJZA
UTZYWUSSYUUZWVWRZYZUYZSRWUUWSRRSZVWWXWW
JXLTGVJHMGVGJAFWXGZFXGZSZONMGVGJXLTLMFX
TLPQFWOQNXQMKXGFGZSPBXPWGHIYBDVGFNFZHBK
FNIDKOLJODKRLJOOLFNFHJLIDSFJLRKRKLPSFFH
QFDRXVJAHJUVPZCVPZCHTFQZVOPKCRWFXGQZRLC
IIJJABADCCCOOPPTABAMMNMKLLKFFEFQQQRGGHH
LLKLDCDBBABHGHGQRRQPOOOMNMMTBBAJIJIEEFE
HAAIDAANAAOFAAGBAACRAASPAAQJAAKTBAALAAM
ZCWPYEGDBTEJVMRFHJTKTPVOZDIHCIHLSXNAKTP
KEIDJEJKKEIIDJEEJBBJEJBBBDCJBBDEIDJBDCI
FBRAVJXOEZBJHMDHRMJOGWBMGRJBOOWDJPYDMGR
MGSVNOKKMGSIVNOOKRKNOKRSVFPKRKMGSVFRKMG
IVERWKBXJADTAYKYVKONPWIPQIEHEUISRPQXRYL
UWSSXRVSWUUUVRXUURUUXTUVWUTTSRUUTTUUXSS
PEABEAQUEAWNEASTEABSEALPEABXEAVHEAPPEAF
VUSRGZOCPFJZBTAFHZNFYOWXOWXLFUCEERCYODG
CBCCCBDCDBCCDDCDBBCCDCCDBCCCDBDCDCCDDDC
LILJKGJLEFEFJJLDFJLDLDGLLIDELKBGGDFJKJL
QQQMOQQQMSSPPOMSSQNRNPPQNRNOMONONNMNMMR
MRURVYBFPVFMVRLHURNKLSLPADWNQAHEQAGXNZQ
BAABKLLLQRRQJJIITSTNNNNEFEFGGHGDCDCPOPO
HEPPGFKCMDPKLIHLFEPPGFNKNLLNCNKLONCJHKL
NUSEJWRVDLRSTXYAFOSGKSANDBMJKRAJACAKRAX
BFBCVVHBXRDOHBWRUKAHBEUAZMBPCMQTFNXMHZO
SRRSPJOQJJKKKSMJKMNNJMSOPOPPINMLRTJMORQ
OBERQDHJABLZURDHHKIPDKMKIEYYKRMYEXADGFZ
QQQTQTTTSSRTQQRTRSSSSTTTQQQRTTTRRQSSSTT
KPQCNLAYAHZHGIQBRQPOKGYIYSFPLWHRMISVHPR
RTSSUUTQRSSTQUOSQOTRQSRTOURTTPTRUPPOTOR
VWVQTVVVQTVVTTVVVTVTTVWTVVTWVQTTVWVVTVQ
ZBDBWBQZBDILPDKCZCOEGBYXQZPAKOFTHVADWJN
EFFTFFUEFFAUFFOBFFWJFFENFFFIFFKQFFOQFNF
ZRUSRUFJRUGHRUKZRUSRRUBBRUMFRUSBRUTGRUR
OFWGLCZZEVWIYOWLZTLYJCNMGQOHRLZABTAEBRI
YUUXVYWVYXVYXUUVWYXVYVYUXXVXVVYYXUUWUUV
MHGGNNKIHHMNNKMJNIINNILIKJLIHHMJMNNMNLK
PIQPIPHIOKPIPPPKPIPPQQQIQPQQQQHPIPHPQQQ
LFIFHJGCEEFFBBBBHDLBIDLLKCBLFEBBKGGGIGC
MSMLRUWSKTMSGTQQYEPPXPSLWJYWSOPHMILYTVH
QOLJTHOLJVQHOVTNHLILIQOSMJTTRSMVQTRVTOI
HAANAAOTABAJAAKPAAQBAACFAAGRAASDAAELAAM
UESRESKZESGWESGPESOHESUAESOQESGWESYKEPE
QLLELLMMLLNULLVALLBYLLZWLLXSLLTOLLPCLLD
NZARTUXIOBQNDQFGTAKYXVQBAPCHWLNTHNZFPTU
NQSUNQSQSUVSUVKOOQRVKOOQUNQOQROKOOQUVKO
NMMNQQQQIIJIBBBBBBBLLKKOOPPEFFEHGHHDDCD
AAZEIVGRXIVGNSCFNSLSLLPVKGCJLXGIJYYXKRW
THOXNAYQSTGJTFGGWWKWFXPDLZFFWZMZWTLWPVW
CYZICLXLYNSMYOMAXULCPXAXISLLIJPLMKGPVKS
POQQOOUOPMWTOOUURMTUONTRPNQUORVNQVUTVPT
PQUWPKXUZCCPRDVHKFNZQQWKQGZPQUWRCPIRNSH
CYPQTXHZAWVJXQJFCIYNDCCNBBLCRKSTWKZRDKA
ZERCRGAEAVKROHXPQRBUYHLRTYHLIJFNFZTKIMD
JPXMKHRMPWKTHFLVJSFXRLNQTKISVIJFHPWPQMS
ELXGVJXJUECSESKHLCUCKKXDLCUINNQMCUGPUXS
DQODAECAECBKNSICBKNODAEQODAECBKBKNSJDQO
QHHIHHJMHHNSHHTKHHLUHHVAHIHYHHZOHHPWHHX
MUWUSFKLADQGPSAQZNBADQGAWUBWWZNMHZYTYQO
VPKZPKMQPKXPPKGLPKBZPKKRPKZAPKIZPKUJPKH
AIWSAZWWSAZZWZEZEERWZEEIWSAEERHAZWZZAIW
CLBMYEAAKITJITASSKQJLOIGSENDDPSZJOONOWH
PTRZPYZNJDKVSFKJILLUEMDUIVUVLWUXEMJXVLW
NENBFDHAXBVYRDBNENBJYHTIWWGNMDNPRHNGQAL
RQRQJIIJMMNMHGGGFFFFPOPOAAAAAAADDDDLKKK
DKEIPNPESQDSQHSGHMLLDGGPRTEPPQSLOISSIJL
HBDJCANFHCBNIHCKHCFHHDLDLODCODLALJMCFLA
LXWVQNQYDTBRJABPNOFXGOPXDSJGWFJWWSTXWVY
LNJYXHLKTSMLTPZTSMIMIOJKKTSTSMIPZTNVQSX
OMRUPPSVPWVWVMMPQOMSVPQSMVSMMSMVSTUTUPP
XXKEXKVQXKBOXKYJXQXGXKYGXKUZXKFEXKCMXKT
PEEJEEKFEEGTEEUVEEWXFEELEEMHEEIREESNEEO
HGGHTSBBBBBQQRQMMMMPPOOEEFEKKLLIIJJCDDC
QCRTCRPPCRRRCRVTCRPICRNWCRIPCRILCRMTCRQ
JJIHIKLJLKJLJIHJIHJLHLLKJLHKKHLLHLIJLHJ
NIIOTIIVIIWZIIAPIIQRIISLIIMJIIKJIIKXIIY
MQSNRPSOKNMOOKMRNIOLJSOIKMNSRQQMQSRQIKI
YHFRSOFTSOFTXGETCSEGMOASONHERMTNHEEFLKL
HEMILGHKIFDDLILFDFLFEMMNMFEMMHEFLDLGHNM
VNDEKTDQXWWYUYVBDNBWNNMZKIOTKBKAQRNBKDH
NOKPLKKXKKXKKQVOUNLVXTTLULWUMVNQWXWTQOL
LXBVKZEAWZXXBBSZEEMLKGNOBJNHJCWJMFZHHFG
ALOSGOAMPSIJQYHIPDJVBZBKMCCYKHDPSIJHBYR
GJDIILGJHJGKKFEFIILKLKKGJIHFKJHKKFEDIHG
JSSUXIVOPWTMFNIOWVGWITFJRNRGGJGKRVHRIMI
FXFJQXFEXFMCXFKSXFZYXEXQXFFDXFJHXFIVXFN
NPQHACCJNBGBNGAAGLNCKKDDACJBNFJAMOAGEIB
CBLGGOWSVEWOOEWWJTCJFBFFENJKFQOJDFSWVKK
DUNHGUNNUNKGUNGKUNHQUNPFUNNTUNEZUNPNUNK
ZPTQTTBLYYGJEGBGUKZXPFDUIPUTATYFTXNRVXY
BMMCXMMNMMORMMSDMMEPMMQZMMATMMUNMMOVMMW
OWFBKWQPIVDKWQPEUKUUJQQHIKGLQFOWKYFFDKY
LAAMFAAGHAAIDAAETAABAACNAAOPAAQJAAKRAAS
QBBRKBBLIBBJEBBFMBBCBBDGBBHUBCBSBBTOBBP
IAETUAEVCAEVAUAEPAEGDAEKAEHDAEEQAEVOAER
IJJIEFFEKLLLNMNNQRQRSSSAAAACDCDPPPPGHHH
ONNPUNNVANNBWNNXQNNRENNCNNDSNNTONNPYNNZ
MNJJIKMNJJNMNNLINMNJIJKKKLJMJIKMKKLJIJK
ROGMRSKCSJRONCAAFOEUIGOEJUCBMTUKQCIIQPB
INQLIPNINQLOOIRJPNPRINQPOSRIPNQNQLIIRRJ
RRPQSRRPROMPQSRMNRRNRRPRRPRRPROSRRPRPQS
IGWXWUOCDECAGHPUPSRANJLOJVXHINGYFFVINUP
OXUWQTQTXTRVROTVTOVWSQQTWQUVOPQPQPTWQUO
REAJQMWRECAHZYAIGGUZSZCQMWSXFUUXPTBGLTI
PBWCUQKSKBMJIAASIXFKQJJALEMUPBWLWSJFKMG
LKMMMMMKMMMMMLLKKLLLLKLMMMMMMLKLLKKMMMM
NMOMPNPOPMPPNMOOMNPMOMNNPNMPMPNNOPMPNPN
EEJGFFGFGHFHFIHHIEIIHHIEIEEEIEIEEEEJGHI
VXRRQXYINDEXIMRXAVBNGCFRROLEWNIPGGHGNZK
SWYSLMBBXZSZVZDWRRBKRKZFOGPBXVKDOAXXGZF
IHDEEFHFHDFIGIHHHDGDGEEGGIFDEHHDFGGDEDE
PPLROXUXXVPPYMWOWYVMUVNRSMNWQRQWLLLLRLR
HJHIKJLJIMHGLJJMKHJLGLGIGIKLHLMJHLMMLKL
OQRONRRRPRNRQSONRSPSPRQRNOQOPNRSOONROOP
ODJGMFNNOQMCJEGCHFOMDIGPMPLJJDEIJGCQEMK
HGHIGMOOINLOFLJIOFKOOOOJHFJLOLFFLIFGGMM
KLKIKLJKLJJKJKLJJLKJLKKKIKLLJJLJKLKLKIK
EDKNEXBVJQNBBZOUQRPZQEYAQWSQEYSEWTSAVFQ
TIKEPCOAHRQALKLWNZZFCWNOSUHSIDIJUPBJVGW
NNPOQPRNOORPOPOPNNNNRNORNPOPOQPPOPOPONR
PUFCVKATWGHGHOPKATWOPUFWGHOHOPUPVKAATWG
MWGHUJMVXUOWUSQGFKHSQMWIIXUOWUJMVWUGHGF
RHPNILSGRFKSSGKKTHWQGWWWQGTLRTQWOSGKFVL
PWNMTDHHVTXCSIXLZBTEKIXQRITOORCWMUAYXXZ
MNNPQOQQLMPPONOQOQLLMPOMPONOQLMNPQONNPQ
ZVGSMIHCQEDGAAPUIJFTIRPXHCGIJFTPLWZHSOX
JEEKNEEOREESXEFELEETEEUPEEQHEEIVEEWFEEG
LEFXYGLLBCGYQQGIGIYQXGNHOXXHPRYFGHNQXNE
BPSKESORDBPHXVUJRYVWQOIDDRTZEMCEBNNVINH
IOYDYRHINYNEDHYZXERYHTINXNINYTDDPQZRYME
IFFUFFVMFFNGFFHSFFTKFFLQFFRYFGFWFFXOFFP
YNONOPRXVYVTSMPYVTQMPYNVUNOPRNSONXVNSTS
KSLZJKVEFBAAGMRXYHVNCXFUKGIMRBOYNWCXWBD
AHIHSHHOHHPMHHNIHHJQHHRUHHVKHHLYHHZWHHX
PLINMMPLOJKKKRNOORIKJMRPMNORQLLNPRPLOPK
YLYTPSNZIEDKSQGTYWYVFIVCMTFCIDZSNFNCHEG
NSUVNURRSNRPQRQPQRQSUVWNSUVSNSUNURRQMSU
WRRURTVUTVRUTTWVUTVRURUXUWRRUXURUTTWVXV
EJIAITSBCPXHEQLFKJPZUEKIABFEUXFPXOBSUPC
LKVPKKXOJAUDTZUZLJLKKXONJQJAUFEQSYKQBVA
KBQHOEEFMHRQHJLEOOTJTQLLNIKDMRJLRIDTMIF
GJZJETJZOJZKJZWCJZDWJZZYJZUBJZCTJZJEJZZ
UOJTXSIGPOCNJKGJLEUGQKJOVASCXUNIQJGSKWI
ZRVBKRVFLRVWRVFARVOKRVCVRVRTRVTZRVBWRVE
JPPHIMRIHIMRRHPIILOQJLNMQLHPHNRIGOQPIKG
XXYYTSVVUSVRRSWVYTRUVXXXUVTWTTUTZVSSUXX
LIIXIIYRIISVIIWJIIKZIIABIJIPIIQNIIOTIIU
FQPWYJOBVBMFWYJXGOBITQSTIQLPPLEHWDMPYXE
QQQGGGHIJJIOOOOTBBAFFFFNNMNLKKLBBAADDDC
UWVUWUWWUUVUWVUUWWWWWVUUVWUVUVUWVWWWVVW
SVIHNBIIHFJSNSKMIIVIIJKKVVJTBPJOTUVIBIN
LECQECVNECYVECRSECMSECMAECJGECLIECGXECK
RKSPYFIJDLXJXEJFFIXXHHJPXRJJMIBXPUPIOPF
QEVOGRWBTMOHMTWZACXFVRCJDFISFBTMPEYQVFG
VUWXUWXTSTSUSTSSSWTXVTTVUTVTVSSTWVSTVSS
ZWTZGWGGFIPIWYAEIFPWMMBTWKUDUJVQNCYCQNC
ONOKLMPLMPOOPKLNKNKPOMMKKONMPOOKMMNNOOL
HELPNNENLJHHJIPNHFKPDHILLKNELELHMGNIIPH
TOOBOOCHPOOFOOGDOOEPOOQVOOWXOOYZOOAROOS
GNFCQSSQSSSFCQSKCNGPIKCIKCNNFCQCNGNNGNF
SPPWPPXQPPRAPPBCPPDYPPZGPPHEPPFUPPVQPPR
CXXDKXXLEXXFMXXNQXXYXXZIXXJOXXPAXXBGXXH
TGGULGGMXGGYRGGSNGGJGGKHGGIZGGHPGGQVGGW
HIJRAMIFMDCOPNDJXRSIAMHDNUEMDCOBHNHQBEO
UVZSYYXTRQRRSOVZUOVVVRUTTSZVVVZTXUTZUXY
ZXIHRMIZMZVKNVYRXJCITUQLTRDBJSDAJCAMZVK
LLLLLJKLKLJKLLLJKJJJJKLJJJKKLLKJKJJJJKL
CPPWPPXGPPHEPPFUPPVQPPRAPPBQPPRSPPTYPPZ
CIUQWKCLXQMRBHXSPSFFWKCWKELVGLGMWJRBCKU
WWMULPVULJXLPVUSTUXNOPXRVPWRPPNQJWMTXPP
PKSUNNXTHISVKYTYHVKSMHPSMYHMHPTMHPTSMYH
EHSCNXPGWEHJBFQVRFUGSESJUNOXHKKNLNWLPCK
VGVTSXQKSEQZPQQHQLGATEUXZQQLKPQKPQMUHLN
UOPJDFSILETLDUOETLDLMRQELJDPSLMRQELFSIC
SBBQBBRGBBHCBBDEBBFIBBJKBBLOBBPUCBBMBBN
QACCYKPLJQAMHWLBRBNJVWKGLYYODFHTWOJUPMY
SXILAXINXITMXIBHXIPQXIUDXIQBCXICXIRWXID
UWCJTJRMNXIFRXZWOCZBBOBXNVGWPZUSDLVBUPY
OJJCJKJSJJTAJJBMJJNWJJXKJJLYJJZQJJRUJJV
BVSZZAQLXYZWAXLQNIDZLSKORHFGFFRLYRIGFFR
YGYFSAOSNRHVSDGVVBEBZXIIMTQVKXDVBEEADTN
LGHWNGHRZGHOPGHQGHXJGHJEGHQKGHEVGHLZVGH
OPLLROFROFKOFKIPLLRKKHOHOPLKKKHKHOPLLRO
FCJHDDFEEHHFIHDJHEEJFEGIHFIHHJFDFFCEGDJ
DUSHOVWIMIDSDRXPLRUFRMIDSEBVWIDOVWIUSHK
VCVNMGWLFRXFDLBPBTWHDWMNMGWLAGCHVCVPBTW
NSRAPTWYUZNFRDXQZALPFCWKWCEKWTGVSAIVSAI
XNWTEGZEXZMCYPFWMSYGZEPAPGEPTPBPEDVLFQO
SSBBBBAJIJIGGHHDDDCFEEEKKLLOOOONMNMQRRQ
LMROPMRFDMRPLMRIMRBDMRVRMROLMRIZMRJWMRM
JJKILJJKKKLIJLJKLKIKIIILJKKILILIIILJJIJ
UUTTTTRTRSRQTUURSRRUTTTTTTTTUUTTTRSQQTU
XZXWYZXYYZWYZWZWZYXWWWZXYZXXWYYZZYXZWZY
OINORGMNHRILRRGHQOIMNKIRIHQKIFKNONNFKNH
RMTRONNOQQONRMRPNRNNRPPQNORTOTOROSTOPRP
BCSLGGWPFPHTHQNOUMAXFMQKKGXFPHTKGOSHPAX
RNNQTRNSPNQSPNQNOROSTRMRMNPPSPNSNORRMNP
TRBFKJIHDOSKFSGONGTGGTGGTGLILHHAAFKLHCO
GLLEMJLCLEGGDHLLJMCAGAIHDJGLFBDHFLHIHEH
OMKTOLPLOMKJSLOOLPKSJSLSLOMMKTOKTOLLPKT
BABQRQQPPPOFFEEIIIJTBABCCDDGHGGKLLKNMMN
FSQYPGJMCYCXGVBQBNKNJRGRGLEXADSAHWKMCYC
NLLRLLNHLLRYLLRALLUTLLZSLLWYLLROLLOBLLH
KASOGXONUIASXTQVOQSEWKKAUHEQRANIUDJOVTI
MBGUCFTXHAGBSTVITBXZJPACVPPTVXBWLYDSPPC
RWSSIJRTHIMLYANCUGUNWZFMLWZGVBUAYKNBBDC
AKDLKXFIBAFPHTMGEELCAEOQBXAGNXRCAEOCWLM
SPPCPPDWPPXQPPRUPPVIPPQYPPZEPPFGPPHAPPB
WEWGSLWSLWDJFGJDJWKFGJVWDJWFJFGRFJFGLOR
LLLJJJJHHGGEFFFMMNMBBBASTBBOPOPCCDCQRQQ
SQRRSRQSSSRQSRRRRRRRSSRRSSSRSRSQRQRRRSR
LFYLOUOQEOLVGHDKKNGTOASYLOUPPBEFLTMKGXI
VIKRXQNTLWUOVWJMLQQNNKMKWPOURRMQQKKMLUV
TLTHMDPLEXQUUAFHOJLFJFGWJLTPPSUTGUTQCOH
ADZBGXWCVAKICXDZOMSZOMSSMFCMAQIRQRFDTLT
TUTWXYWRSRRRWSTTYVSUTSYXSXVWWSXVTSTXRWX
KGEJJEIBHKKDDBJBHKKKKGEFJJEJJEIFDDBKHGJ
INIINKELMFMLDFJDNILELILJLMNEMJJJKMDNMKI
MMNQQQRCDCDPOOOFEEFTBBAKLLKJIJJGHHGBBAB
KLKFIXWUIXWURITNQUICFRTTSMPLNEPPFUBIKAY
NPSGHLRPKXIKNJPITOTPFWNOXTERPTOTIQPHSPK
PQQQRNROPQRRQQRNPQPNPOPONRQOORNRORROPRP
KHEGDLEFLEFFEDHFHKHDKKHEEHFHHDFHEEKHDEI
OEEIJPPPOKPEEIJPPOKFFOEOKPIFOEEJPPOEIJP
QMVSGZZEHGILLMVKKMZKMZTJCZNUSGHUJLIETEL
OMROALHXZFZPCAABLJSSGAHRCVLABLCLAWTVKMU
OVTVCQXHIAYBOFTOFZWWRZIPVBSVUZPJRLXHXMQ
RRNNNWYRNNWPTSXSRRNNPTSXSRRWNPTSXSRTSXS
XVCYXJDLAGDJTCHPDVLGRLIRENUVMBLDSZQMXVC
EXXTGIFVLZBQNWIHBJQMDMHEMDMGYONAPWDJAHM
LAAMRAASTBAAFAAGPAADAAEBAACNAAOHAAIJAAK
XRUNTXRKUNTVKQKQKUNUNTXRUNNVKQKXRUNKQKU
WOMYCPPNZUUNFYZRMFQDLNEVELNZOWJZUULQZKN
CSPESOXPHFKNJCSRNOPXUTPKQXXSCCPPVSNXIYC
OJBJMENQUXGRHNEERHNJRBWTHTKNJSNAWIYAVDG
LEKMGNHFDLLLEKLDEGIHFKLFJKHIMJJLIDGJKLF
WTVVVUUTMXUVUUNUNWTUUNWTWTVNWTMTVVUWTMX
XYIHIHRQOHKYQKYRQOHETSNKYETSNYFYFRNRNXY
STFWFWJJJDQTFWJXMXXPQVPFKPJGLRMFKPJDQIG
MOWRHCKWKTTBCZEOHAYAHGBXIMRJMPNYVTTHAYA
PPOOSSBAGGGHNMNMEFECCDCLLLLJIIJQRQRBABB
TBAAJAAKHAAILAAMDAARAASFAAGNAAOPAAQBAAC
MCIKDMDODQGVANPWDNOXAXSDNOBJUISIZXUILYF
JUTJIVEMNRWGKTJESQEENUGIVFMKOQINUVKGWSN
MMKSFKLLHQKKGMMMMKGGMEMSGORHKRLRFTELSDS
MRMSKMJRMSKOMRMMSKMKMJMMJMPJJPOJPOMPOMR
NNYUBWQDKBQYFDQSXKLPTBGSCIOABGSOWSYRRAN
YQTPIILKUYCKWMXFTYOJSCGTONFLMBFXIELKUYC
JKJJHIIIHKHHHHHHJJHHJIIIHIJJHJJJHIHHKJJ
YMMMRZFIZGXRCOUEVODGQSNLDUDZXXVHKNYOUTP
XKYNEGVQUNPPLQPXKYNLTRACDFIWLOQJBEUWQAF
AAOJXCQFSOOQIFSNDOFZEHBCLVHUXFUQGJHIHSI
FUUBUEDBTYEDDPPRQUHNPJLTKRMZJQYPCPFZTON
SRLRQNTQMSPPTSKMOOSOLSQTOOUKMLOUKPQUKKM
FCVZTUHNTXDAOSHEUWKDROTUPHKXTQAOMDWUSCA
MVLOCHTKGMVMSJMARWMVQXQPKNFIXHCEGCMUROL
LFLHQFLEFMHLHGBIRRCECOLKEFMOLFLGQFLDIRR
JKJIIIJJJIIIIJJKKKIJIIKIIJJJJIJIIKIJIKJ
UPDRODEPDROOQTUODEXQMOQQTUPTUPDDRODMOQT
ZULJCANMSTFAZEKMKLANZMKTNZSWMDJCNIQWUKL
RUDLDLVSRUDLUJPDRRKOHLQGTOHIGTOULLPIGTO
BSNDNYPLJVOGXIUHZOFYBDWYNKPRPEKRLHRJXYN
QVWQXTSUOKUMTVQOYTUNQSLSXXVLQXOSVWSUYYM
QBOAPDRGRJNIKGLXUUFKCLZCRVQWZCIVKGLVLZS
QQQRDDCDFFFFPOPGGHGNNMMABBBSSTAKKLLJIIJ
WFIZVFIYEFINFIBBFIHAFICNFIBFFIRJFIAVFIT
EFEEPOPOKKLKSTSAAAACCDDGHGGNNNNRRQRIJJJ
OUJNMKJLSQOMKPPOSQOJJSSTKQSTRQQJKRRULNT
QQFQKQQEQQKMPRIHNIKMGEQIKMGKMMPRIFKFKHN
XXMCYQPDIPWVBXQBXHDERBKKLSOBHGYYWYLJBXH
QHEGBOQCKMDEGJMJMIHQCCKHKQHKNBOIHOHMDHK
NMMNBAAGHGGPOOPTTBADDCCIIIIEEEELKKLRRQR
WHPIWHPKTOBNOIYJXJRBYBKWCHAONPWARKAEQTK
JHOPOKFOKFHFHEJOPOKNJHOHEJJHOPOKFHEFNJH
FKMIDGKJIFMMNHFHFIJJJNMNMNHDGKJJNMNLFKM
NETFBQFVOMGVQGSNVNJQTPPIOEVRQGURAEKSMVO
CBCCCBBBBCDBDBDBDCBCCBCBDBCCBCBDCCBDBCC
WWHCGKCXKPOOFITTDDNMDMFQQTRVPFIFDKVBTYB
FCCCGEHCGEHCDFCEEDGHDFCGDFCEEDGFCEDEDCC
NKPPCMJAGIKFKANXEFLUOZPSMDGKANNDHKXDSJK
FVSEJSFULTHSEBWUVFKLSBEKQQLTHUVSBEHVSEB
RKRMRJRKMRJRJROROLKKRKRLKRKJROLOLKRMKMR
DDCMNMNIJJJEEFERQRQPPPPLLKKSBAABAABGGGH
ZPOORJGMJQJPWFPDKSJXZJQGMEHNXVAUYCHCVBI
HOHYRGEVFKQLWFIACPFHSALBILFGITJIKZWALVJ
MOFCDKPEPEDNAMRPQEBBOLPRGRDDLOGPHFNGJCE
LLJYEZABTADOWRTKNMQZNIKMFTDECCHACQHUECC
BRHTRHJCRHRNRHDDRHPORHZERHRLNRHORHKWRHS
WHALROJGRAYQNDJUHSNIWSGBHSCUIDGSKGROMHD
FNMRMMSVMMWPMMQDMMEZMMATMMUBMMCNMMOXMMY
DICRNLBNOKOBDJNBBJDPJNJOKJPNCMNNROBJFIR
UNQQTORNQQTORSVTORSRSVMRUNQMRUNUMRUQQTO
IWFCOWAMWYSFROSOEAIZPBWPUAGPWKBJQUOPZPB
ZFCKRARVJEEYNIRASDFNPOZXDSHHRRYUPBDIREH
GDQNZKYUNYRRAUSOSVLOXHRZXFZOOXHLRNWYTKH
PUQZWURUTPSPNQUSSRTRSWTRPSSSOPRTZNPYWWP
MNUSSGEGOZAWXJVXOMKNIECNQFZSSGEHPCUPIHF
IKIJIJJILLJLKLIJKLKKLKLKLIJLIJKJKLKIJJJ
TGIUMNLRTGIYRTGMNLTNLTNTYRTGIUMLTNYIUMN
HQUORMBNRLSUNAFFLAHCHOSANARSJLUHJHHSIAC
OONNMKLNNKKKKKNKNMKNOOOONNKNKKKOOONKKNM
NHNNHNNEHIBBHKEGKDEIJGECBNHGECBCKFBEIJG
GVKONSBKONSBRQQNSBRVKONRQQPSBRQQQPGQPGF
GTIQOKGRUCELTUTDLSDQLNDHIRFDMMLFJGRTRCH
WOOHMVLLUNHQHVQOYUVHPIQLURNQKOSVXTWNSXO
ELZRTKGRXUKYKLEGZGMHDJPNKXUZUHKUBIQASDQ
PGKCXJTCBMNXTKJXWUEJDZORPEOHXSMPGKCGHAH
PJXGINALJUXLYSTFZIOLUSRXIEYENCWVBYLDEUE
MNTQLNCIAWPYLZZULWIMELOLSILKYPUYYPJMBQW
RSRTXRWRWRSVVWTWRSRUVVWSRTWVWTXXRWRWTXR
LKVXTQTSJWJJNMTNPSVQSTTQOTVUJWOJOSJSJWX
OQXQXQRWKOQKOQXONVRONVROQXQWLONXOWWWKOQ
HKIYMQHKYTJRTVWVWKYMURUKYNWTJRTNWMQRUKY
SSPTPSQUVRSRRTPXPVXXVWSSSPUSWVXPUTRUXXS
SQCWKRYDRXSLTHESTPEYLFTTCFWCDRXEUCTAGOE
UZJVPIYPROFGSQPZWQKMSEXNYBNLDRBBUWMXSCD
YQUDTOUJPTEWXCIZKURYGLAZSNUFHIVFTOUPEJA
VQDUYVOZBRFMRJBLPEETMRJKQGVVHCACKXEQQKP
RQSMIRPXPLJJTJVXKPTPLPKTWWXVQTXKMKRPXUX
TSBLKLKJIIJRRRRHGGGDDCCBABAFFFFPPPPMNNM
NUONSNUNQQUSRRNUTSUUNUSUQSNUTOUTNRUNPRT
XKLHKLTZRFJJCLAJFZTVDBAICPTIXOKTEFEHYBW
DSUNSUTXSUHKSUVZSULESUSMSUNKSUVKSUKTSUH
ZLJVRKTFIFOKTSOADUNSOGACRTYXDVRKGVNKFLI
BWWLZRPUCOYSFUFXDBKYTJWCYZLRGGAKXKNAEXK
LLIHXRSXFBLIWRIFLBRSNKKLNIWJTWRVROWZQJP
TKKUXKKBKKCDLKKLKKMPKKQRKKSVKKWNKKOZKKA
IRDJGNZGCUSFTPOFAZLTMYQCZTJACZTDAVBWCVQ
IIGHQRSGGHJFFSNFGGGNHQRIGHKHKHPQRSFGGHJ
KKKCCDCOOOOEFEEQRRQGGHGJIIIABBBNMNMABBB
GKMEJMNFIKGKGEIIMGONKCDNDIGOHOIDOKKIOFF
SLOSMMLLSMQRTRTTRKLPQQLLQLRTKQSMSNTQMTM
FRZBNMZEZPLFBXQEAIMHUNFZQVTGEHLIQALEFNR
FPUBYCXSXZQMBLQAYYWOIFDYFNJFNJXKXVZMEML
ZKLMBMNACLHYRTVUXQXZKLMBSUFZSUIWDKBNHRS
IGDHIJFJFFEDJEDFFFIEIGDDJDDDDGFGGEIDIIG
OODXEHRDXFWJAYHPFEJCNJQGMNCFLSCSEKYBSSW
YVNKQGMUFBTHAHOBHGZYKPITAQEDJOWLUYVJXEJ
NEZYHBVEJLQZVVJPQXQEAHRXOWHXOWHSXRCDVXP
RIRYOCKYOZUODBOCDHDLPRQBUBLALTTRTTRYOCK
RQQZQQAFQQGVQQWDQQEBQQCXQQYJRQQTQQUHQQI
KKDIOCDDQTGEIIOTLDTMKKDQIOREDMJPEFWSLVC
TWZQYUYRZPUSWTXZUYYXZPUWXUYUSPRYRRTTXZW
WTSPWSWWWTSTLQRQRWSLQRWWWWTTSPSRWSWSWWW
JQDZCCSDOVYXUCZQIEKUVPKROEAOHSTGJCHPZDB
FFEFIFFFGEIGJHEJEEEEEHHHIJJEHHGIGEGFFFF
BAANMMMFEEEGHGHKKKKTBAARRQROOPPIJJJDDCC
UZSUZTTZSUZSUZTPZUZXPZUTTSRZUZSZTTSTSRP
QUXQRXSSXTXXRUQRUQUUXQRXQRXTXRUUQUXXTXR
JIIJFFFEDDDCMNNNQRQRSAAAAAAPOPPHHGGLLLK
AABDCBAABDAADCCBADCADDAACBCCBAABABBCDBA
SIZAFMBLNKBFUQVTMRWXQJRLSSJQJYPTSMFOTTY
VDZILLXQKRHGYANBFRMEXPVACYBKZEKHWYOPVQC
EGDNMJIDNMFMJILLEGDGDNMFNMJILEGJILEIFNM
ZQQHQQIXQQYFQQGTQQURQQSVQQWRQQSDQQEBQQC
PWPOMUHUHDPPOCGMUHDHDPWDPWPWPOCOCGTOOMU
NQMSLROQPHRLCISOMLLAJPQPBHNRTHPSHLLEERA
YKSPLJAFALYRKQGNEJUSVAHQMPYMPYENMSSLVGW
OWTOKQMSFBJLMGCNUVUGUGPSJRYBBSJRWEAKQMC
USUYSUYXVURQSNQPNQPNQPNSUYXTXXTUYXVUSNQ
RKHTNSLLQGNLKIOHTKIKMGGSSNSGGRKOHSSNLKM
GOWRFABCQGFYWAHZQDMOFHBQZJUZJUAFGLGFIBT
PAANAAOJAAKHAAIFAAGDAAELAAMTBAARAASBAAC
NHZKHZUTHZDNHZJRHZUEHZGZHZFWHZMFHZKHHZG
MSNUCTABRQSTEHBSOBBHRUHPBLGWNMCPSVLCSOB
NMMIJJIFEEEDDDDRRRQBAAALKLLBAAAGHGGOOOO
VTTLHEPLUHIWJLWQQCOCCPEDJNULHEPFJCDLSCC
VSUQOLXRLRPXTNYYMZWWQMVTPNYWLYTLRZWYXOR
IYKATOSSNJOMCDZJNRKCBAKAIYKIHEASZLUVGGY
JGFNSJGFGEGGKFGGFNJGSJGEGSJKFGEFNJLGEGS
LLKLMMMMDDCCBAABAABHHGGFFEFRQRQOPOPIJII
RNJQHNTTJLKIKTROORQPKLIQLUTTLNNKSRNNLHO
ITISGNLRAJXQXWYTNCWDNAWWRIXFWBNCWKMZECF
DNCMNMREGRCRABBHKXFSCAFYLUKPLEDFBNWKXFI
WUDKFFFRNVDQQCYFCCHCIEJSRYHFCCHDBROJWRB
PNHOQSHSHSSNVPNHOQSPOUMUMNVKMKLKLFQFQPO
GQOPNVEDGJRDEXGULTGQLURUGSIOLURXFSNFSNV
GMQITDLHIWEMZQGQDPQBRZEBOIVEUHKSAQWZGSE
RRRQMMMNKLLLJIJJPPOODCCCBBABBABEEEFGHHH
MUPYFKWGJPLKISPCUGHGEFCJERMAEXCSVQFQYMC
SSPPTNNMOQMVUTTTMUQNMTONTOPNTOPVMNTRUTQ
EJLBUDTMUIQHYOFYNBHMNLPGFWIBMRFMCOWOMKE
HKHPLVWMAHBAHBJEJHAEFADZVCDOYUACBPYUYXJ
KHHWHHXQHHRIHHJIHHJYHHZOHHPSHHTUHHVMHHN
LFHUILOWHXUOKYLLQFOUYQIIOUWOXZLZRHLLOLZ
FJCXFTJXRQRGUOGETHHFJCXTPEEEGUOVEGUOGRE
VHPZUWUXLFDIGZDLTVHFCUOPOZNHWKOPLLQAXJM
RTSJEAHBPMYPZCPFHZQCTACFNVJEIGMYYBGUDEB
JJIJBBBBBBBOOOOMNMMDCCCQRRRFFFELKLLHGGG
KFQTBFROUESEGBKDAAJGBPERUAOPIQDSOSPTFIT
AEZLMJMUUJKSXHYJRAMZSUFZMCUQDSBZSXAHYNH
JIQMJIQAHAFKIJCKIJCRFKIHAFDHHAHSHHAKEMJ
DOEDWOTMGJGYEABBEABBLWCWKOOURWVOFVFFVYU
FTEHOOGIYKHPZBNXDEEPMZRRZBPFJCAYWPWZBPF
HGHHTSSBABBJJJJPPPOKKKKQRRRDDCCFFFEMMNM
MMMNOPOOLLLKGGHGIIIICDDCSSTAAABFFEEQQRQ
XFTREFTNFTRJNFTEFTMVFTLFFTSTFTJEFTVTFTK
IJIJLKLNMMMBABAHHGHBABAQQQREEFFDDDDOPPP
MDDNSDDQDDRGDDHODDPEDDFWDEDIDDJUDDVKDDL
NPNPNPNPOOPPNPNOOPOOPOONPNPOPNPPNPNOOPN
BJQJKXGRIMDLICBYMXCYSTHXPCNMXGKUYABMXGK
MMPNCRFFKBMFQEOAQQIOTAEINIREPHKRBFNNJRF
HGFHGFHDPOEDEHGPGDEGGDEDEDFGDEDKIIQIQJD
CCDDIIIJEEEETBBBBBAPOOPMMMNLKKKHGGGRRQQ
RVYWJOJOWSJGWQMTQLPGDOJUSGDRYZJKGFOCMZQ
POPHHHGNMNMBABAQQQQEEFESSTBKKLLIIJJDDDD
QYMUXVQYXTIQRXHFTYRRKJFFHURMHFYHGHMIWNF
QDJYEGSCQDJYGDBBLXOEFKDSTDSHRWHGHSFMQVR
UMAYQYBJBQKLDEQVUBUZWJBORWZVUBUSUIAHPZO
OPGYPGBVPGWVZPGTPGKUPGNZPGDQPGIKPGNSPGY
JGAGGASJGABDGAQJGAJIGAYSGACVGAAGGAASGAE
LRUKVLRUMPNRUKLGUTPMKUWJJJXUKLTRUKLUKLT
KVZNJHPSIVKGZRSEXYCHPTNKISRURZDEVIAKVZN
MVRYUPXRYLZUPXZLZQYYLZQZQYUVRYLIMVRQYUP
NHJKHMDMFINOIKMJNJOGKHNGFMIEIHGDJLGNOHJ
MMOMNNOMNNONNMNNMONMOMOMNOONOONMMNNONNO
FTOWPOWOILDJRDBCCYJNLNXAECOTGSVPRFTNMHU
MWSUNQXSUNQWSUNNQXHPFSMFSMWSMWSQXHPMPFS
QKGQWNOPRKRVVGQMOGKRSPSKHTLOSRPNJJVLJHN
ZFEPCJQKGPRBSWKCAJXIEBXEYFZPIWQDCMLEDDP
SKSDKSWCKSDGKSIRKSDMKSATKSVJKSJWKSPYKSH
EKIFCFBIBAFLFCFEADDBALDLDIBAFEAIFLFBIBA
LKLJLJKLLLJKJKLLKKLKLJKLJKJKLLJKJKLLKKL
TWXUSNXDGHNXDGHBGQEXUWMXUWMWXUWVTSVQCEK
VHIRIJHQJSDVSORSYXDXZPWNGEVLRFHEHCUSTTE
XWXYWXYWYXYXYYWXWYYXYWYYYXWYWYWYWWYWYYW
EFHCFADDFHAAFBADCGGBADCDDDFGBEFHAGBHCAF
QHKGHKWQHKSIHKJVHIHYHKVJHKGOHKKTHKJCHKC
MIOLMKMIRGQQQKSTIQLLTLKNNJQQSRIRHQNSSNT
GGIGFFFMHKFFFHJKFGGFGGIHKFGGIGFIGFFFFFH
GGJLLGLLIKJJLLLLLLGLGLIHKGGGJLLGLIKKGGJ
MEDIDGMEFGBDIFGCJMCGCKIMHGCBDMHKILDLDCJ
DDLEYWLLEEYZFQCVTZVWLZFGMLEZVGMWIDDQCVT
LIIJPJQPJQOJPKQNIQTIJPJPKJOJQOOTIRTTTLI
FAKKKWRWROZQTIIVVMNOZWTWTQTGEFAIIVVBFGE
PVJNQLLSPVJVJNJVMWOWOQLOQLLMWOQLLSPLSPV
VMPJKVQQTKUQYXWWKTRIHYXRTXJJHNQTQHVUKKI
RRRTSUSUSSSUUTRSUVUSURTSUSSSUSVSVRSTVUS
ZCJDHFJBFBZSYYHWYZCGODUYXGMMAELPSCNTKAP
HHHHMNMNCDDCJJJJABBABBAPPPPEFFFLLLKQRQR
YNSSSHNNJTLZUCPRZZSZSZLMPKMPHMPZSZLPKMY
IIFEJAFMLJJAFJIJNFJICIEJANIFPGAFIJKKBIF
KZRMRVXJPNVVIKIVOFFGNFTLANIHXILTLHBSCRG
MHHNWHHXUHHVIHHJOHHPQHHRIHHSHHTKHHLYHHZ
RWMIVAHRQLJPOFIWHVXIAANRDBTTQHIGSCCMHVX
DCCCFFFFRQRQTTABPPOOIJJIHHHMNNNABBAKKLK
HSQVNSBGAXEQXDNTZLSQAXBEKVCAJEDNSBODPJS
OSPQQSPPQJPOPQPQRMSRJNOLPOQPNLSSSSRSNJO
JJJJLLLKCCCCMNMNOPOOGHGGBABBABBQQRRFFFE
OLQQNMRNMRRLQQPRNLVQPQNMRRNRRNLQQPQPQNM
SDDMDDNQDDRKDDLIDDJGDDHEDDFEDDFUDDVODDP
SGQONFGQCBJGQGCQCBJCSGQGQGCGULGWPMEFGJL
IBKFCJDDIBHIBHFDFLHCIBKHCJCDFLHKCIBLJIE
VLFESSKIOCWZEIDLCTCQUSHVNHVAXQTADXVDXVL
VLKKVLKUQLKOLKLVLKARLKHRLKELLKKVLKLLLKX
HVMUOVMWVMITVMQTVMYAVMYGVMKVVMEEVMITVMY
CLSTLPKSIPIURTLPGORTJQADCLSBFDCHJQABFDC
DXSYCSYLQSYDSYAGSYHVSYQGSYGXSYLZSYZJSYR
HILNTMTHDJTNLOEKGHHINEMJOESPSKOFPTMPSKO
NUYMTDOMFUDPJGVRDQUYTHJBTDOGATLCXLHQABT
ANMLRIASTIMOSFBDYUCYHBYARIHGRLYRAEZIMZR
LLUPIWNLNLRTOQWVSHLSTWJVOUNJJHHWSSISULL
RTQSSTRQSQTQSQTTTRRQTRRRQQTRQQTTQSRSTRS
HYYERAXKVOBXJJFOOFXJEELIDSHLPEGEPVEDUUQ
RRQQEEFFKLKLTSTBBBBHHHGDDDCOPPPIIJJNMNM
NMKMLHNKIHKHLJNNKHHNJNNNJINHNJKKIHNMIIM
IKLLJHGJKENTRWIGAGIBYWNNWABXQEJIGAXFUCT
MHLGGIMIGJHKJKMIMJKHKHMGGGIMJHMMHIIMKMG
NLNHOHSNOKKUJLOKHSQTNHKKMUUKLNOOGGTQJKN
XEJTSCHMTKBXGOWHGORNREBEIVGXVHGFZATHVNQ
ATRMDADPIGNDPVHLNNVBAOVOVTLLBAOVATRVHQT
GHLPFIGHONIGOHGNOMFPNMNKJJNGNHKFHQPNJGH
LHVQSYQYQZHXRLHWVTMTMVTQHZSVQWVZSXRZHQH
LDINOLHJLDQDMLEKMJLNSMJLKRDORNLEERNQQOK
POOMPMNNOPOOPPPMNPOMNOMOMPMMNPMONOOMNPO
FJBMQNAWGTZCXOWCZUYFKDEXVKIZUYWKTZFHRWR
PSAMKEEPEEPOEEPONKJAMRJSAMRCSEECECSEEPO
KLLLHGGHRRQQTTBBBBBNMNMCCCDOOPPJJIJEEFE
GLCXKLCYLCKALCDVLCBYLCRBLCUGLCHGLCHBLCM
OSOTLUULSRVLLPLPLORLOROMMSLMSLLOSOTSLLP
DWVALAKUYECWCHGLORGFKULEZWVYDNBRVAOLAKU
MHPKMHZPDXFAQRRAIHZAWIMZSWAFWVAZMBPSUXA
QNWSNWVBNWXVNWTPNWPSNWDDNWQUNWCYNWQBNWC
DHHDIFGEGEDGHEDHEDEEEIHHFDEFGGHHDHHHIDH
SGQPRPGSJWMESSSOKSPGLLLPQUOIINOLMVIMITS
WDEGDDHMDDNUDDVIDDJEDDFSDDTODDPKDDLQDDR
KRMQOQROQRHLNKRJOLNMQOQRMQOOLNKQRHINKRM
KXNQQTLLLQQLKXNLQQTLLLQQTLKTLLLXNQRTLKX
BABRRRQGGHGBABAOOPPEFEEMMNNCCDDLKLKIIII
MGRWULLOJGFGOGSFTJIIVPKKRPMEFOGVNFOLQKE
UKJWKKUKKJBCKJFAKJVGKJFKKJOUKJDRKJBFKJM
TGKGJGKKGKXDGKRUGTGQGKTFGKBJGKQDGKOJGKL
NPHZFBNBIYFXBEVXVTHIXEIGHUYSPVRLNVLEQQE
NPHPJDMNDNNMDDNHMLHNJDOHGPNOKLJOIGLLPPO
VSQTNOPOPTSQPSNTNNWRTNNNWQNSTPTTNOPOPTS
